#
# A fatal error has been detected by the Java Runtime Environment:
#
#  SIGSEGV (0xb) at pc=0x000000010c92dece, pid=63672, tid=86019
#
# JRE version: OpenJDK Runtime Environment (11.0.2+9) (build 11.0.2+9)
# Java VM: OpenJDK 64-Bit Server VM (11.0.2+9, mixed mode, tiered, compressed oops, g1 gc, bsd-amd64)
# Problematic frame:
# V  [libjvm.dylib+0x3f8ece]  jni_CallStaticVoidMethodV+0x7c
#
# No core dump will be written. Core dumps have been disabled. To enable core dumping, try "ulimit -c unlimited" before starting Java again
#
# If you would like to submit a bug report, please visit:
#   https://github.com/AdoptOpenJDK/openjdk-build/issues
#

---------------  S U M M A R Y ------------

Command Line: -Dmaven.multiModuleProjectDirectory=/Users/caden/dev/java/school/OneClass -Dmaven.home=/Users/caden/Library/Application Support/JetBrains/Toolbox/apps/IDEA-U/ch-0/183.5429.30/IntelliJ IDEA.app/Contents/plugins/maven/lib/maven3 -Dclassworlds.conf=/Users/caden/Library/Application Support/JetBrains/Toolbox/apps/IDEA-U/ch-0/183.5429.30/IntelliJ IDEA.app/Contents/plugins/maven/lib/maven3/bin/m2.conf -javaagent:/Users/caden/Library/Application Support/JetBrains/Toolbox/apps/IDEA-U/ch-0/183.5429.30/IntelliJ IDEA.app/Contents/lib/idea_rt.jar=61006:/Users/caden/Library/Application Support/JetBrains/Toolbox/apps/IDEA-U/ch-0/183.5429.30/IntelliJ IDEA.app/Contents/bin -Dfile.encoding=UTF-8 org.codehaus.classworlds.Launcher -Didea.version=2018.3.4 package exec:java

Host: MacBookPro11,1 x86_64 2600 MHz, 4 cores, 8G, Darwin 18.2.0
Time: Sat Feb 16 11:04:54 2019 MST elapsed time: 19 seconds (0d 0h 0m 19s)

---------------  T H R E A D  ---------------

Current thread (0x00007fb814a1a000):  JavaThread "Thread-7" daemon [_thread_in_vm, id=86019, stack(0x000070000ff20000,0x000070000ffa0000)]

Stack: [0x000070000ff20000,0x000070000ffa0000],  sp=0x000070000ff9f690,  free space=509k
Native frames: (J=compiled Java code, A=aot compiled Java code, j=interpreted, Vv=VM code, C=native code)
V  [libjvm.dylib+0x3f8ece]  jni_CallStaticVoidMethodV+0x7c
C  [libjfxwebkit.dylib+0x1bae6b6]  JNIEnv_::CallStaticVoidMethod(_jclass*, _jmethodID*, ...)+0x86
C  [libjfxwebkit.dylib+0x1bae5fc]  WTF::scheduleDispatchFunctionsOnMainThread()+0x17c
C  [libjfxwebkit.dylib+0x1682b75]  WTF::Function<void ()>::CallableWrapper<WebCore::DataURLDecoder::decode(WebCore::URL const&, WebCore::DataURLDecoder::ScheduleContext const&, WTF::Function<void (std::optional<WebCore::DataURLDecoder::Result>)>&&)::$_0>::call()+0x215
C  [libjfxwebkit.dylib+0x1bb11c8]  WTF::BlockPtr<void ()> WTF::BlockPtr<void ()>::fromCallable<WTF::WorkQueue::dispatch(WTF::Function<void ()>&&)::$_0>(WTF::WorkQueue::dispatch(WTF::Function<void ()>&&)::$_0)::'lambda'(void*)::__invoke(void*)+0x48
C  [libdispatch.dylib+0x2d53]  _dispatch_call_block_and_release+0xc
C  [libdispatch.dylib+0x3dcf]  _dispatch_client_callout+0x8
C  [libdispatch.dylib+0xa124]  _dispatch_lane_serial_drain+0x26a
C  [libdispatch.dylib+0xabdc]  _dispatch_lane_invoke+0x184
C  [libdispatch.dylib+0x13090]  _dispatch_workloop_worker_thread+0x25b
C  [libsystem_pthread.dylib+0x260b]  _pthread_wqthread+0x199
C  [libsystem_pthread.dylib+0x2405]  start_wqthread+0xd


siginfo: si_signo: 11 (SIGSEGV), si_code: 1 (SEGV_MAPERR), si_addr: 0x0000000000000000

Register to memory mapping:

RAX=0x0 is NULL
RBX=0x00007fb814a1a000 is a thread
RCX=0x00007fb8162ca958 points into unknown readable memory: a0 b6 cf 89 07 00 00 00
RDX=0x0 is NULL
RSP=0x000070000ff9f690 is pointing into the stack for thread: 0x00007fb814a1a000
RBP=0x000070000ff9f730 is pointing into the stack for thread: 0x00007fb814a1a000
RSI=0x0 is NULL
RDI=0x00007fb814a1a340 points into unknown readable memory: 70 e2 03 0d 01 00 00 00
R8 =0x0 is NULL
R9 =0x0 is NULL
R10=0x0000000100000000 is an unknown value
R11=0x0 is NULL
R12=0x000070000ff9f7f0 is pointing into the stack for thread: 0x00007fb814a1a000
R13=0x0 is NULL
R14=0x0 is NULL
R15=0x00007fb814a1a340 points into unknown readable memory: 70 e2 03 0d 01 00 00 00


Registers:
RAX=0x0000000000000000, RBX=0x00007fb814a1a000, RCX=0x00007fb8162ca958, RDX=0x0000000000000000
RSP=0x000070000ff9f690, RBP=0x000070000ff9f730, RSI=0x0000000000000000, RDI=0x00007fb814a1a340
R8 =0x0000000000000000, R9 =0x0000000000000000, R10=0x0000000100000000, R11=0x0000000000000000
R12=0x000070000ff9f7f0, R13=0x0000000000000000, R14=0x0000000000000000, R15=0x00007fb814a1a340
RIP=0x000000010c92dece, EFLAGS=0x0000000000010202, ERR=0x0000000000000004
  TRAPNO=0x000000000000000e

Top of Stack: (sp=0x000070000ff9f690)
0x000070000ff9f690:   000070000ff9f6c0 000000010ca5b750
0x000070000ff9f6a0:   000070000ff9f5e0 00007fb8162ca960
0x000070000ff9f6b0:   000070000ff9f6d0 000000010cc70921
0x000070000ff9f6c0:   000070000ff9f730 000000010c82af0f
0x000070000ff9f6d0:   000070000000000e 000000010cc70907
0x000070000ff9f6e0:   00007fb814a1a000 00007fb8162ca950
0x000070000ff9f6f0:   0000700000000535 000000010cd063d8
0x000070000ff9f700:   00007fb814a1a000 00007fb814a1a340
0x000070000ff9f710:   00000001378834b0 0000000000000000
0x000070000ff9f720:   0000000000000000 0000000000000000
0x000070000ff9f730:   000070000ff9f810 0000000135d966b6
0x000070000ff9f740:   000070000ff9f760 000000010cc70867
0x000070000ff9f750:   000070000ff9f760 00007fffb22cbed8
0x000070000ff9f760:   0000000000000000 0000000000000000
0x000070000ff9f770:   000070000ff9f790 000000010cc70ade
0x000070000ff9f780:   000000010d093701 00007fb814a1a000
0x000070000ff9f790:   000070000ff9f7b0 000000010cc70a74
0x000070000ff9f7a0:   00007fb8162cab40 0000000000000000
0x000070000ff9f7b0:   00007fffb22cbef8 000000000c92444c
0x000070000ff9f7c0:   00007fb800000000 000000013787a3d8
0x000070000ff9f7d0:   00000001378834b0 0000000000000000
0x000070000ff9f7e0:   0000000000000000 0000000000000000
0x000070000ff9f7f0:   0000003000000018 000070000ff9f820
0x000070000ff9f800:   000070000ff9f740 9291d2149d5d0046
0x000070000ff9f810:   000070000ff9f860 0000000135d965fc
0x000070000ff9f820:   000070000ff9f890 00007fb814a1a340
0x000070000ff9f830:   0000700000000000 00007fb814a1a340
0x000070000ff9f840:   000000013c991af0 000070000ff9f8a8
0x000070000ff9f850:   000000013c7b24a0 000070000ff9f890
0x000070000ff9f860:   000070000ff9f8e0 000000013586ab75
0x000070000ff9f870:   00007fb8162caa28 00000000000000d8
0x000070000ff9f880:   00007fb8162cab40 00007fb814a1a000 

Instructions: (pc=0x000000010c92dece)
0x000000010c92deae:   74 09 48 8d 7d b0 e8 73 18 25 00 4c 89 ff 4c 89
0x000000010c92debe:   ee 4c 89 f2 90 0f 1f 40 00 c7 45 a0 0e 00 00 00
0x000000010c92dece:   49 8b 06 48 8b 40 08 48 8b 48 08 0f b7 40 2c 48
0x000000010c92dede:   8b 74 c1 40 4c 8d ad 60 ff ff ff 4c 89 ef e8 67 

Stack slot to memory mapping:
stack at sp + 0 slots: 0x000070000ff9f6c0 is pointing into the stack for thread: 0x00007fb814a1a000
stack at sp + 1 slots: 0x000000010ca5b750: _ZN12ResourceMark13reset_to_markEv+0x20 in /Library/Java/JavaVirtualMachines/adoptopenjdk-11.0.2.jdk/Contents/Home/lib/server/libjvm.dylib at 0x000000010c535000
stack at sp + 2 slots: 0x000070000ff9f5e0 is pointing into the stack for thread: 0x00007fb814a1a000
stack at sp + 3 slots: 0x00007fb8162ca960 points into unknown readable memory: e8 b6 cf 89 07 00 00 00
stack at sp + 4 slots: 0x000070000ff9f6d0 is pointing into the stack for thread: 0x00007fb814a1a000
stack at sp + 5 slots: 0x000000010cc70921: _ZNK6Atomic8LoadImplIPVvNS_12PlatformLoadILm8EEEvEclEPVKS2_+0x11 in /Library/Java/JavaVirtualMachines/adoptopenjdk-11.0.2.jdk/Contents/Home/lib/server/libjvm.dylib at 0x000000010c535000
stack at sp + 6 slots: 0x000070000ff9f730 is pointing into the stack for thread: 0x00007fb814a1a000
stack at sp + 7 slots: 0x000000010c82af0f: _ZN10Exceptions6_throwEP6ThreadPKci6HandleS3_+0x1e5 in /Library/Java/JavaVirtualMachines/adoptopenjdk-11.0.2.jdk/Contents/Home/lib/server/libjvm.dylib at 0x000000010c535000


---------------  P R O C E S S  ---------------

Threads class SMR info:
_java_thread_list=0x00007fb8162cb760, length=30, elements={
0x00007fb812008000, 0x00007fb81282e800, 0x00007fb812833800, 0x00007fb81282f000,
0x00007fb81201e800, 0x00007fb812830000, 0x00007fb812836800, 0x00007fb811003800,
0x00007fb81188c000, 0x00007fb8118b3000, 0x00007fb811080000, 0x00007fb813843000,
0x00007fb8152a2800, 0x00007fb812d1e000, 0x00007fb813a76800, 0x00007fb812e7a000,
0x00007fb81433b000, 0x00007fb814b3e000, 0x00007fb814ef0000, 0x00007fb814efb800,
0x00007fb816807800, 0x00007fb816852000, 0x00007fb816853000, 0x00007fb81723e800,
0x00007fb8117f1000, 0x00007fb814652800, 0x00007fb812a2d800, 0x00007fb812689000,
0x00007fb812fde000, 0x00007fb814a1a000
}

Java Threads: ( => current thread )
  0x00007fb812008000 JavaThread "main" [_thread_blocked, id=6659, stack(0x000070000e4d2000,0x000070000e5d2000)]
  0x00007fb81282e800 JavaThread "Reference Handler" daemon [_thread_blocked, id=18435, stack(0x000070000ebe7000,0x000070000ece7000)]
  0x00007fb812833800 JavaThread "Finalizer" daemon [_thread_blocked, id=17923, stack(0x000070000ecea000,0x000070000edea000)]
  0x00007fb81282f000 JavaThread "Signal Dispatcher" daemon [_thread_blocked, id=16643, stack(0x000070000eded000,0x000070000eeed000)]
  0x00007fb81201e800 JavaThread "C2 CompilerThread0" daemon [_thread_blocked, id=15363, stack(0x000070000eef0000,0x000070000eff0000)]
  0x00007fb812830000 JavaThread "C1 CompilerThread0" daemon [_thread_blocked, id=15619, stack(0x000070000eff3000,0x000070000f0f3000)]
  0x00007fb812836800 JavaThread "Sweeper thread" daemon [_thread_blocked, id=43267, stack(0x000070000f0f6000,0x000070000f1f6000)]
  0x00007fb811003800 JavaThread "Common-Cleaner" daemon [_thread_blocked, id=22531, stack(0x000070000f1f9000,0x000070000f2f9000)]
  0x00007fb81188c000 JavaThread "Monitor Ctrl-Break" daemon [_thread_in_native, id=42499, stack(0x000070000f2fc000,0x000070000f3fc000)]
  0x00007fb8118b3000 JavaThread "Service Thread" daemon [_thread_blocked, id=23299, stack(0x000070000f3ff000,0x000070000f4ff000)]
  0x00007fb811080000 JavaThread "Attach Listener" daemon [_thread_blocked, id=24067, stack(0x000070000f605000,0x000070000f705000)]
  0x00007fb813843000 JavaThread "me.caden2k3.oneclass.OneClass.main()" [_thread_blocked, id=40195, stack(0x000070000fb14000,0x000070000fc14000)]
  0x00007fb8152a2800 JavaThread "JavaFX-Launcher" [_thread_blocked, id=25859, stack(0x000070000fc17000,0x000070000fd17000)]
  0x00007fb812d1e000 JavaThread "QuantumRenderer-0" daemon [_thread_blocked, id=39683, stack(0x000070000fd1a000,0x000070000fe1a000)]
  0x00007fb813a76800 JavaThread "InvokeLaterDispatcher" daemon [_thread_blocked, id=29955, stack(0x000070000fe1d000,0x000070000ff1d000)]
  0x00007fb812e7a000 JavaThread "JavaFX Application Thread" [_thread_blocked, id=775, stack(0x00007ffee45e2000,0x00007ffee4de2000)]
  0x00007fb81433b000 JavaThread "Thread-3" daemon [_thread_blocked, id=83203, stack(0x000070000ffa3000,0x0000700010023000)]
  0x00007fb814b3e000 JavaThread "Prism Font Disposer" daemon [_thread_blocked, id=53767, stack(0x00007000100a9000,0x00007000101a9000)]
  0x00007fb814ef0000 JavaThread "Disposer" daemon [_thread_blocked, id=76035, stack(0x00007000101ac000,0x00007000102ac000)]
  0x00007fb814efb800 JavaThread "pool-3-thread-1" [_thread_blocked, id=72451, stack(0x00007000102af000,0x00007000103af000)]
  0x00007fb816807800 JavaThread "126595408@qtp-693635142-0" [_thread_blocked, id=62723, stack(0x0000700010641000,0x0000700010741000)]
  0x00007fb816852000 JavaThread "569186335@qtp-693635142-1 - Acceptor0 SocketConnector@localhost:8888" [_thread_in_native, id=66563, stack(0x0000700010744000,0x0000700010844000)]
  0x00007fb816853000 JavaThread "pool-3-thread-2" [_thread_blocked, id=64003, stack(0x0000700010847000,0x0000700010947000)]
  0x00007fb81723e800 JavaThread "C2 CompilerThread1" daemon [_thread_blocked, id=64779, stack(0x000070001094a000,0x0000700010a4a000)]
  0x00007fb8117f1000 JavaThread "URL-Loader-1" daemon [_thread_blocked, id=87299, stack(0x0000700010a4d000,0x0000700010b4d000)]
  0x00007fb814652800 JavaThread "Keep-Alive-Timer" daemon [_thread_blocked, id=1559, stack(0x0000700010b50000,0x0000700010c50000)]
  0x00007fb812a2d800 JavaThread "URL-Loader-2" daemon [_thread_blocked, id=130307, stack(0x0000700010c53000,0x0000700010d53000)]
  0x00007fb812689000 JavaThread "URL-Loader-3" daemon [_thread_blocked, id=129539, stack(0x0000700010d56000,0x0000700010e56000)]
  0x00007fb812fde000 JavaThread "URL-Loader-4" daemon [_thread_in_native, id=88579, stack(0x0000700010fe2000,0x00007000110e2000)]
=>0x00007fb814a1a000 JavaThread "Thread-7" daemon [_thread_in_vm, id=86019, stack(0x000070000ff20000,0x000070000ffa0000)]

Other Threads:
  0x00007fb812020800 VMThread "VM Thread" [stack: 0x000070000eae4000,0x000070000ebe4000] [id=13059]
  0x00007fb81189f800 WatcherThread [stack: 0x000070000f502000,0x000070000f602000] [id=23811]
  0x00007fb812010800 GCTaskThread "GC Thread#0" [stack: 0x000070000e5d5000,0x000070000e6d5000] [id=11523]
  0x00007fb8121a8800 GCTaskThread "GC Thread#1" [stack: 0x000070000f708000,0x000070000f808000] [id=41219]
  0x00007fb8120b9800 GCTaskThread "GC Thread#2" [stack: 0x000070000f80b000,0x000070000f90b000] [id=40963]
  0x00007fb81231e800 GCTaskThread "GC Thread#3" [stack: 0x000070000f90e000,0x000070000fa0e000] [id=24839]
  0x00007fb811836000 ConcurrentGCThread "G1 Main Marker" [stack: 0x000070000e6d8000,0x000070000e7d8000] [id=12035]
  0x00007fb812013000 ConcurrentGCThread "G1 Conc#0" [stack: 0x000070000e7db000,0x000070000e8db000] [id=12291]
  0x00007fb811877000 ConcurrentGCThread "G1 Refine#0" [stack: 0x000070000e8de000,0x000070000e9de000] [id=19459]
  0x00007fb812815800 ConcurrentGCThread "G1 Young RemSet Sampling" [stack: 0x000070000e9e1000,0x000070000eae1000] [id=19203]

Threads with active compile tasks:
C2 CompilerThread08683       4       java.lang.invoke.MethodType$ConcurrentWeakInternSet::get (54 bytes)
C1 CompilerThread08723       3       sun.security.x509.AVAKeyword::isCompliant (67 bytes)
C2 CompilerThread18682       4       java.lang.invoke.MethodType::makeImpl (108 bytes)

VM state:synchronizing (normal execution)

VM Mutex/Monitor currently owned by a thread:  ([mutex/lock_event])
[0x00007fb810f03240] Threads_lock - owner thread: 0x00007fb812020800

Heap address: 0x0000000780000000, size: 2048 MB, Compressed Oops mode: Zero based, Oop shift amount: 3
Narrow klass base: 0x0000000800000000, Narrow klass shift: 0
Compressed class space size: 1073741824 Address: 0x0000000800000000

Heap:
 garbage-first heap   total 194560K, used 96768K [0x0000000780000000, 0x0000000800000000)
  region size 1024K, 34 young (34816K), 3 survivors (3072K)
 Metaspace       used 62270K, capacity 64117K, committed 64336K, reserved 1105920K
  class space    used 7390K, capacity 8177K, committed 8192K, reserved 1048576K
Heap Regions: E=young(eden), S=young(survivor), O=old, HS=humongous(starts), HC=humongous(continues), CS=collection set, F=free, A=archive, TAMS=top-at-mark-start (previous, next)
|   0|0x0000000780000000, 0x0000000780100000, 0x0000000780100000|100%| O|  |TAMS 0x0000000780100000, 0x0000000780000000| Untracked 
|   1|0x0000000780100000, 0x0000000780200000, 0x0000000780200000|100%| O|  |TAMS 0x0000000780200000, 0x0000000780100000| Untracked 
|   2|0x0000000780200000, 0x0000000780300000, 0x0000000780300000|100%| O|  |TAMS 0x0000000780300000, 0x0000000780200000| Untracked 
|   3|0x0000000780300000, 0x0000000780400000, 0x0000000780400000|100%| O|  |TAMS 0x0000000780400000, 0x0000000780300000| Untracked 
|   4|0x0000000780400000, 0x0000000780500000, 0x0000000780500000|100%| O|  |TAMS 0x0000000780500000, 0x0000000780400000| Untracked 
|   5|0x0000000780500000, 0x0000000780600000, 0x0000000780600000|100%| O|  |TAMS 0x0000000780600000, 0x0000000780500000| Untracked 
|   6|0x0000000780600000, 0x0000000780700000, 0x0000000780700000|100%| O|  |TAMS 0x0000000780700000, 0x0000000780600000| Complete 
|   7|0x0000000780700000, 0x0000000780800000, 0x0000000780800000|100%| O|  |TAMS 0x0000000780800000, 0x0000000780700000| Complete 
|   8|0x0000000780800000, 0x0000000780900000, 0x0000000780900000|100%| O|  |TAMS 0x0000000780900000, 0x0000000780800000| Complete 
|   9|0x0000000780900000, 0x0000000780a00000, 0x0000000780a00000|100%| O|  |TAMS 0x0000000780a00000, 0x0000000780900000| Untracked 
|  10|0x0000000780a00000, 0x0000000780b00000, 0x0000000780b00000|100%| O|  |TAMS 0x0000000780b00000, 0x0000000780a00000| Untracked 
|  11|0x0000000780b00000, 0x0000000780c00000, 0x0000000780c00000|100%| O|  |TAMS 0x0000000780c00000, 0x0000000780b00000| Untracked 
|  12|0x0000000780c00000, 0x0000000780d00000, 0x0000000780d00000|100%| O|  |TAMS 0x0000000780d00000, 0x0000000780c00000| Untracked 
|  13|0x0000000780d00000, 0x0000000780e00000, 0x0000000780e00000|100%| O|  |TAMS 0x0000000780e00000, 0x0000000780d00000| Complete 
|  14|0x0000000780e00000, 0x0000000780f00000, 0x0000000780f00000|100%|HS|  |TAMS 0x0000000780f00000, 0x0000000780e00000| Complete 
|  15|0x0000000780f00000, 0x0000000781000000, 0x0000000781000000|100%| O|  |TAMS 0x0000000781000000, 0x0000000780f00000| Complete 
|  16|0x0000000781000000, 0x0000000781100000, 0x0000000781100000|100%| O|  |TAMS 0x0000000781100000, 0x0000000781000000| Complete 
|  17|0x0000000781100000, 0x0000000781200000, 0x0000000781200000|100%| O|  |TAMS 0x0000000781200000, 0x0000000781100000| Complete 
|  18|0x0000000781200000, 0x0000000781300000, 0x0000000781300000|100%| O|  |TAMS 0x0000000781300000, 0x0000000781200000| Complete 
|  19|0x0000000781300000, 0x0000000781400000, 0x0000000781400000|100%| O|  |TAMS 0x0000000781400000, 0x0000000781300000| Complete 
|  20|0x0000000781400000, 0x0000000781500000, 0x0000000781500000|100%| O|  |TAMS 0x0000000781500000, 0x0000000781400000| Complete 
|  21|0x0000000781500000, 0x0000000781600000, 0x0000000781600000|100%| O|  |TAMS 0x0000000781600000, 0x0000000781500000| Complete 
|  22|0x0000000781600000, 0x0000000781700000, 0x0000000781700000|100%| O|  |TAMS 0x0000000781700000, 0x0000000781600000| Complete 
|  23|0x0000000781700000, 0x0000000781800000, 0x0000000781800000|100%| O|  |TAMS 0x0000000781800000, 0x0000000781700000| Untracked 
|  24|0x0000000781800000, 0x0000000781900000, 0x0000000781900000|100%| O|  |TAMS 0x0000000781900000, 0x0000000781800000| Complete 
|  25|0x0000000781900000, 0x0000000781a00000, 0x0000000781a00000|100%| O|  |TAMS 0x0000000781a00000, 0x0000000781900000| Complete 
|  26|0x0000000781a00000, 0x0000000781b00000, 0x0000000781b00000|100%| O|  |TAMS 0x0000000781b00000, 0x0000000781a00000| Complete 
|  27|0x0000000781b00000, 0x0000000781c00000, 0x0000000781c00000|100%| O|  |TAMS 0x0000000781c00000, 0x0000000781b00000| Complete 
|  28|0x0000000781c00000, 0x0000000781d00000, 0x0000000781d00000|100%| O|  |TAMS 0x0000000781d00000, 0x0000000781c00000| Complete 
|  29|0x0000000781d00000, 0x0000000781e00000, 0x0000000781e00000|100%| O|  |TAMS 0x0000000781e00000, 0x0000000781d00000| Complete 
|  30|0x0000000781e00000, 0x0000000781f00000, 0x0000000781f00000|100%| O|  |TAMS 0x0000000781f00000, 0x0000000781e00000| Complete 
|  31|0x0000000781f00000, 0x0000000782000000, 0x0000000782000000|100%| O|  |TAMS 0x0000000782000000, 0x0000000781f00000| Complete 
|  32|0x0000000782000000, 0x0000000782100000, 0x0000000782100000|100%| O|  |TAMS 0x0000000782100000, 0x0000000782000000| Complete 
|  33|0x0000000782100000, 0x0000000782200000, 0x0000000782200000|100%| O|  |TAMS 0x0000000782200000, 0x0000000782100000| Complete 
|  34|0x0000000782200000, 0x0000000782300000, 0x0000000782300000|100%| O|  |TAMS 0x0000000782300000, 0x0000000782200000| Complete 
|  35|0x0000000782300000, 0x0000000782400000, 0x0000000782400000|100%|HS|  |TAMS 0x0000000782400000, 0x0000000782300000| Complete 
|  36|0x0000000782400000, 0x0000000782500000, 0x0000000782500000|100%|HC|  |TAMS 0x0000000782500000, 0x0000000782400000| Complete 
|  37|0x0000000782500000, 0x0000000782600000, 0x0000000782600000|100%|HC|  |TAMS 0x0000000782600000, 0x0000000782500000| Complete 
|  38|0x0000000782600000, 0x0000000782700000, 0x0000000782700000|100%|HC|  |TAMS 0x0000000782700000, 0x0000000782600000| Complete 
|  39|0x0000000782700000, 0x0000000782800000, 0x0000000782800000|100%|HC|  |TAMS 0x0000000782800000, 0x0000000782700000| Complete 
|  40|0x0000000782800000, 0x0000000782900000, 0x0000000782900000|100%|HC|  |TAMS 0x0000000782900000, 0x0000000782800000| Complete 
|  41|0x0000000782900000, 0x0000000782a00000, 0x0000000782a00000|100%|HC|  |TAMS 0x0000000782a00000, 0x0000000782900000| Complete 
|  42|0x0000000782a00000, 0x0000000782b00000, 0x0000000782b00000|100%|HC|  |TAMS 0x0000000782b00000, 0x0000000782a00000| Complete 
|  43|0x0000000782b00000, 0x0000000782c00000, 0x0000000782c00000|100%|HC|  |TAMS 0x0000000782c00000, 0x0000000782b00000| Complete 
|  44|0x0000000782c00000, 0x0000000782d00000, 0x0000000782d00000|100%|HC|  |TAMS 0x0000000782d00000, 0x0000000782c00000| Complete 
|  45|0x0000000782d00000, 0x0000000782e00000, 0x0000000782e00000|100%|HC|  |TAMS 0x0000000782e00000, 0x0000000782d00000| Complete 
|  46|0x0000000782e00000, 0x0000000782f00000, 0x0000000782f00000|100%|HS|  |TAMS 0x0000000782f00000, 0x0000000782e00000| Complete 
|  47|0x0000000782f00000, 0x0000000783000000, 0x0000000783000000|100%|HC|  |TAMS 0x0000000783000000, 0x0000000782f00000| Complete 
|  48|0x0000000783000000, 0x0000000783100000, 0x0000000783100000|100%|HC|  |TAMS 0x0000000783100000, 0x0000000783000000| Complete 
|  49|0x0000000783100000, 0x0000000783200000, 0x0000000783200000|100%|HC|  |TAMS 0x0000000783200000, 0x0000000783100000| Complete 
|  50|0x0000000783200000, 0x0000000783300000, 0x0000000783300000|100%|HC|  |TAMS 0x0000000783300000, 0x0000000783200000| Complete 
|  51|0x0000000783300000, 0x0000000783300000, 0x0000000783400000|  0%| F|  |TAMS 0x0000000783300000, 0x0000000783300000| Untracked 
|  52|0x0000000783400000, 0x0000000783400000, 0x0000000783500000|  0%| F|  |TAMS 0x0000000783400000, 0x0000000783400000| Untracked 
|  53|0x0000000783500000, 0x0000000783500000, 0x0000000783600000|  0%| F|  |TAMS 0x0000000783500000, 0x0000000783500000| Untracked 
|  54|0x0000000783600000, 0x0000000783600000, 0x0000000783700000|  0%| F|  |TAMS 0x0000000783600000, 0x0000000783600000| Untracked 
|  55|0x0000000783700000, 0x0000000783700000, 0x0000000783800000|  0%| F|  |TAMS 0x0000000783700000, 0x0000000783700000| Untracked 
|  56|0x0000000783800000, 0x0000000783900000, 0x0000000783900000|100%| O|  |TAMS 0x0000000783900000, 0x0000000783800000| Untracked 
|  57|0x0000000783900000, 0x0000000783a00000, 0x0000000783a00000|100%| O|  |TAMS 0x0000000783a00000, 0x0000000783900000| Untracked 
|  58|0x0000000783a00000, 0x0000000783b00000, 0x0000000783b00000|100%| O|  |TAMS 0x0000000783b00000, 0x0000000783a00000| Untracked 
|  59|0x0000000783b00000, 0x0000000783c00000, 0x0000000783c00000|100%| O|  |TAMS 0x0000000783c00000, 0x0000000783b00000| Complete 
|  60|0x0000000783c00000, 0x0000000783d00000, 0x0000000783d00000|100%| O|  |TAMS 0x0000000783d00000, 0x0000000783c00000| Untracked 
|  61|0x0000000783d00000, 0x0000000783e00000, 0x0000000783e00000|100%| O|  |TAMS 0x0000000783e00000, 0x0000000783d00000| Untracked 
|  62|0x0000000783e00000, 0x0000000783f00000, 0x0000000783f00000|100%| O|  |TAMS 0x0000000783f00000, 0x0000000783e00000| Complete 
|  63|0x0000000783f00000, 0x0000000784000000, 0x0000000784000000|100%| O|  |TAMS 0x0000000784000000, 0x0000000783f00000| Complete 
|  64|0x0000000784000000, 0x0000000784100000, 0x0000000784100000|100%| O|  |TAMS 0x0000000784100000, 0x0000000784000000| Complete 
|  65|0x0000000784100000, 0x0000000784100000, 0x0000000784200000|  0%| F|  |TAMS 0x0000000784100000, 0x0000000784100000| Untracked 
|  66|0x0000000784200000, 0x0000000784200000, 0x0000000784300000|  0%| F|  |TAMS 0x0000000784200000, 0x0000000784200000| Untracked 
|  67|0x0000000784300000, 0x0000000784300000, 0x0000000784400000|  0%| F|  |TAMS 0x0000000784300000, 0x0000000784300000| Untracked 
|  68|0x0000000784400000, 0x0000000784400000, 0x0000000784500000|  0%| F|  |TAMS 0x0000000784400000, 0x0000000784400000| Untracked 
|  69|0x0000000784500000, 0x0000000784500000, 0x0000000784600000|  0%| F|  |TAMS 0x0000000784500000, 0x0000000784500000| Untracked 
|  70|0x0000000784600000, 0x0000000784600000, 0x0000000784700000|  0%| F|  |TAMS 0x0000000784600000, 0x0000000784600000| Untracked 
|  71|0x0000000784700000, 0x0000000784700000, 0x0000000784800000|  0%| F|  |TAMS 0x0000000784700000, 0x0000000784700000| Untracked 
|  72|0x0000000784800000, 0x0000000784800000, 0x0000000784900000|  0%| F|  |TAMS 0x0000000784800000, 0x0000000784800000| Untracked 
|  73|0x0000000784900000, 0x0000000784900000, 0x0000000784a00000|  0%| F|  |TAMS 0x0000000784900000, 0x0000000784900000| Untracked 
|  74|0x0000000784a00000, 0x0000000784a00000, 0x0000000784b00000|  0%| F|  |TAMS 0x0000000784a00000, 0x0000000784a00000| Untracked 
|  75|0x0000000784b00000, 0x0000000784b00000, 0x0000000784c00000|  0%| F|  |TAMS 0x0000000784b00000, 0x0000000784b00000| Untracked 
|  76|0x0000000784c00000, 0x0000000784c00000, 0x0000000784d00000|  0%| F|  |TAMS 0x0000000784c00000, 0x0000000784c00000| Untracked 
|  77|0x0000000784d00000, 0x0000000784d00000, 0x0000000784e00000|  0%| F|  |TAMS 0x0000000784d00000, 0x0000000784d00000| Untracked 
|  78|0x0000000784e00000, 0x0000000784f00000, 0x0000000784f00000|100%| O|  |TAMS 0x0000000784f00000, 0x0000000784e00000| Complete 
|  79|0x0000000784f00000, 0x0000000785000000, 0x0000000785000000|100%| O|  |TAMS 0x0000000785000000, 0x0000000784f00000| Complete 
|  80|0x0000000785000000, 0x0000000785100000, 0x0000000785100000|100%| O|  |TAMS 0x0000000785100000, 0x0000000785000000| Complete 
|  81|0x0000000785100000, 0x0000000785100000, 0x0000000785200000|  0%| F|  |TAMS 0x0000000785100000, 0x0000000785100000| Untracked 
|  82|0x0000000785200000, 0x0000000785200000, 0x0000000785300000|  0%| F|  |TAMS 0x0000000785200000, 0x0000000785200000| Untracked 
|  83|0x0000000785300000, 0x0000000785300000, 0x0000000785400000|  0%| F|  |TAMS 0x0000000785300000, 0x0000000785300000| Untracked 
|  84|0x0000000785400000, 0x0000000785400000, 0x0000000785500000|  0%| F|  |TAMS 0x0000000785400000, 0x0000000785400000| Untracked 
|  85|0x0000000785500000, 0x0000000785500000, 0x0000000785600000|  0%| F|  |TAMS 0x0000000785500000, 0x0000000785500000| Untracked 
|  86|0x0000000785600000, 0x0000000785600000, 0x0000000785700000|  0%| F|  |TAMS 0x0000000785600000, 0x0000000785600000| Untracked 
|  87|0x0000000785700000, 0x0000000785700000, 0x0000000785800000|  0%| F|  |TAMS 0x0000000785700000, 0x0000000785700000| Untracked 
|  88|0x0000000785800000, 0x0000000785800000, 0x0000000785900000|  0%| F|  |TAMS 0x0000000785800000, 0x0000000785800000| Untracked 
|  89|0x0000000785900000, 0x0000000785900000, 0x0000000785a00000|  0%| F|  |TAMS 0x0000000785900000, 0x0000000785900000| Untracked 
|  90|0x0000000785a00000, 0x0000000785a00000, 0x0000000785b00000|  0%| F|  |TAMS 0x0000000785a00000, 0x0000000785a00000| Untracked 
|  91|0x0000000785b00000, 0x0000000785b00000, 0x0000000785c00000|  0%| F|  |TAMS 0x0000000785b00000, 0x0000000785b00000| Untracked 
|  92|0x0000000785c00000, 0x0000000785c00000, 0x0000000785d00000|  0%| F|  |TAMS 0x0000000785c00000, 0x0000000785c00000| Untracked 
|  93|0x0000000785d00000, 0x0000000785d00000, 0x0000000785e00000|  0%| F|  |TAMS 0x0000000785d00000, 0x0000000785d00000| Untracked 
|  94|0x0000000785e00000, 0x0000000785e00000, 0x0000000785f00000|  0%| F|  |TAMS 0x0000000785e00000, 0x0000000785e00000| Untracked 
|  95|0x0000000785f00000, 0x0000000785f00000, 0x0000000786000000|  0%| F|  |TAMS 0x0000000785f00000, 0x0000000785f00000| Untracked 
|  96|0x0000000786000000, 0x0000000786000000, 0x0000000786100000|  0%| F|  |TAMS 0x0000000786000000, 0x0000000786000000| Untracked 
|  97|0x0000000786100000, 0x0000000786100000, 0x0000000786200000|  0%| F|  |TAMS 0x0000000786100000, 0x0000000786100000| Untracked 
|  98|0x0000000786200000, 0x0000000786200000, 0x0000000786300000|  0%| F|  |TAMS 0x0000000786200000, 0x0000000786200000| Untracked 
|  99|0x0000000786300000, 0x0000000786300000, 0x0000000786400000|  0%| F|  |TAMS 0x0000000786300000, 0x0000000786300000| Untracked 
| 100|0x0000000786400000, 0x0000000786400000, 0x0000000786500000|  0%| F|  |TAMS 0x0000000786400000, 0x0000000786400000| Untracked 
| 101|0x0000000786500000, 0x0000000786500000, 0x0000000786600000|  0%| F|  |TAMS 0x0000000786500000, 0x0000000786500000| Untracked 
| 102|0x0000000786600000, 0x0000000786600000, 0x0000000786700000|  0%| F|  |TAMS 0x0000000786600000, 0x0000000786600000| Untracked 
| 103|0x0000000786700000, 0x0000000786700000, 0x0000000786800000|  0%| F|  |TAMS 0x0000000786700000, 0x0000000786700000| Untracked 
| 104|0x0000000786800000, 0x0000000786800000, 0x0000000786900000|  0%| F|  |TAMS 0x0000000786800000, 0x0000000786800000| Untracked 
| 105|0x0000000786900000, 0x0000000786900000, 0x0000000786a00000|  0%| F|  |TAMS 0x0000000786900000, 0x0000000786900000| Untracked 
| 106|0x0000000786a00000, 0x0000000786a00000, 0x0000000786b00000|  0%| F|  |TAMS 0x0000000786a00000, 0x0000000786a00000| Untracked 
| 107|0x0000000786b00000, 0x0000000786b00000, 0x0000000786c00000|  0%| F|  |TAMS 0x0000000786b00000, 0x0000000786b00000| Untracked 
| 108|0x0000000786c00000, 0x0000000786c00000, 0x0000000786d00000|  0%| F|  |TAMS 0x0000000786c00000, 0x0000000786c00000| Untracked 
| 109|0x0000000786d00000, 0x0000000786d00000, 0x0000000786e00000|  0%| F|  |TAMS 0x0000000786d00000, 0x0000000786d00000| Untracked 
| 110|0x0000000786e00000, 0x0000000786e00000, 0x0000000786f00000|  0%| F|  |TAMS 0x0000000786e00000, 0x0000000786e00000| Untracked 
| 111|0x0000000786f00000, 0x0000000786f00000, 0x0000000787000000|  0%| F|  |TAMS 0x0000000786f00000, 0x0000000786f00000| Untracked 
| 112|0x0000000787000000, 0x0000000787000000, 0x0000000787100000|  0%| F|  |TAMS 0x0000000787000000, 0x0000000787000000| Untracked 
| 113|0x0000000787100000, 0x0000000787100000, 0x0000000787200000|  0%| F|  |TAMS 0x0000000787100000, 0x0000000787100000| Untracked 
| 114|0x0000000787200000, 0x0000000787200000, 0x0000000787300000|  0%| F|  |TAMS 0x0000000787200000, 0x0000000787200000| Untracked 
| 115|0x0000000787300000, 0x0000000787300000, 0x0000000787400000|  0%| F|  |TAMS 0x0000000787300000, 0x0000000787300000| Untracked 
| 116|0x0000000787400000, 0x0000000787400000, 0x0000000787500000|  0%| F|  |TAMS 0x0000000787400000, 0x0000000787400000| Untracked 
| 117|0x0000000787500000, 0x0000000787500000, 0x0000000787600000|  0%| F|  |TAMS 0x0000000787500000, 0x0000000787500000| Untracked 
| 118|0x0000000787600000, 0x0000000787600000, 0x0000000787700000|  0%| F|  |TAMS 0x0000000787600000, 0x0000000787600000| Untracked 
| 119|0x0000000787700000, 0x0000000787700000, 0x0000000787800000|  0%| F|  |TAMS 0x0000000787700000, 0x0000000787700000| Untracked 
| 120|0x0000000787800000, 0x0000000787800000, 0x0000000787900000|  0%| F|  |TAMS 0x0000000787800000, 0x0000000787800000| Untracked 
| 121|0x0000000787900000, 0x0000000787900000, 0x0000000787a00000|  0%| F|  |TAMS 0x0000000787900000, 0x0000000787900000| Untracked 
| 122|0x0000000787a00000, 0x0000000787a00000, 0x0000000787b00000|  0%| F|  |TAMS 0x0000000787a00000, 0x0000000787a00000| Untracked 
| 123|0x0000000787b00000, 0x0000000787b00000, 0x0000000787c00000|  0%| F|  |TAMS 0x0000000787b00000, 0x0000000787b00000| Untracked 
| 124|0x0000000787c00000, 0x0000000787c00000, 0x0000000787d00000|  0%| F|  |TAMS 0x0000000787c00000, 0x0000000787c00000| Untracked 
| 125|0x0000000787d00000, 0x0000000787d00000, 0x0000000787e00000|  0%| F|  |TAMS 0x0000000787d00000, 0x0000000787d00000| Untracked 
| 126|0x0000000787e00000, 0x0000000787e00000, 0x0000000787f00000|  0%| F|  |TAMS 0x0000000787e00000, 0x0000000787e00000| Untracked 
| 127|0x0000000787f00000, 0x0000000787f00000, 0x0000000788000000|  0%| F|  |TAMS 0x0000000787f00000, 0x0000000787f00000| Untracked 
| 128|0x0000000788000000, 0x0000000788000000, 0x0000000788100000|  0%| F|  |TAMS 0x0000000788000000, 0x0000000788000000| Untracked 
| 129|0x0000000788100000, 0x0000000788100000, 0x0000000788200000|  0%| F|  |TAMS 0x0000000788100000, 0x0000000788100000| Untracked 
| 130|0x0000000788200000, 0x0000000788200000, 0x0000000788300000|  0%| F|  |TAMS 0x0000000788200000, 0x0000000788200000| Untracked 
| 131|0x0000000788300000, 0x0000000788300000, 0x0000000788400000|  0%| F|  |TAMS 0x0000000788300000, 0x0000000788300000| Untracked 
| 132|0x0000000788400000, 0x0000000788400000, 0x0000000788500000|  0%| F|  |TAMS 0x0000000788400000, 0x0000000788400000| Untracked 
| 133|0x0000000788500000, 0x0000000788500000, 0x0000000788600000|  0%| F|  |TAMS 0x0000000788500000, 0x0000000788500000| Untracked 
| 134|0x0000000788600000, 0x0000000788600000, 0x0000000788700000|  0%| F|  |TAMS 0x0000000788600000, 0x0000000788600000| Untracked 
| 135|0x0000000788700000, 0x0000000788700000, 0x0000000788800000|  0%| F|  |TAMS 0x0000000788700000, 0x0000000788700000| Untracked 
| 136|0x0000000788800000, 0x0000000788800000, 0x0000000788900000|  0%| F|  |TAMS 0x0000000788800000, 0x0000000788800000| Untracked 
| 137|0x0000000788900000, 0x0000000788900000, 0x0000000788a00000|  0%| F|  |TAMS 0x0000000788900000, 0x0000000788900000| Untracked 
| 138|0x0000000788a00000, 0x0000000788a00000, 0x0000000788b00000|  0%| F|  |TAMS 0x0000000788a00000, 0x0000000788a00000| Untracked 
| 139|0x0000000788b00000, 0x0000000788b00000, 0x0000000788c00000|  0%| F|  |TAMS 0x0000000788b00000, 0x0000000788b00000| Untracked 
| 140|0x0000000788c00000, 0x0000000788c00000, 0x0000000788d00000|  0%| F|  |TAMS 0x0000000788c00000, 0x0000000788c00000| Untracked 
| 141|0x0000000788d00000, 0x0000000788d00000, 0x0000000788e00000|  0%| F|  |TAMS 0x0000000788d00000, 0x0000000788d00000| Untracked 
| 142|0x0000000788e00000, 0x0000000788e00000, 0x0000000788f00000|  0%| F|  |TAMS 0x0000000788e00000, 0x0000000788e00000| Untracked 
| 143|0x0000000788f00000, 0x0000000788f00000, 0x0000000789000000|  0%| F|  |TAMS 0x0000000788f00000, 0x0000000788f00000| Untracked 
| 144|0x0000000789000000, 0x0000000789000000, 0x0000000789100000|  0%| F|  |TAMS 0x0000000789000000, 0x0000000789000000| Untracked 
| 145|0x0000000789100000, 0x0000000789100000, 0x0000000789200000|  0%| F|  |TAMS 0x0000000789100000, 0x0000000789100000| Untracked 
| 146|0x0000000789200000, 0x0000000789200000, 0x0000000789300000|  0%| F|  |TAMS 0x0000000789200000, 0x0000000789200000| Untracked 
| 147|0x0000000789300000, 0x0000000789300000, 0x0000000789400000|  0%| F|  |TAMS 0x0000000789300000, 0x0000000789300000| Untracked 
| 148|0x0000000789400000, 0x0000000789400000, 0x0000000789500000|  0%| F|  |TAMS 0x0000000789400000, 0x0000000789400000| Untracked 
| 149|0x0000000789500000, 0x0000000789500000, 0x0000000789600000|  0%| F|  |TAMS 0x0000000789500000, 0x0000000789500000| Untracked 
| 150|0x0000000789600000, 0x0000000789600000, 0x0000000789700000|  0%| F|  |TAMS 0x0000000789600000, 0x0000000789600000| Untracked 
| 151|0x0000000789700000, 0x0000000789700000, 0x0000000789800000|  0%| F|  |TAMS 0x0000000789700000, 0x0000000789700000| Untracked 
| 152|0x0000000789800000, 0x0000000789800000, 0x0000000789900000|  0%| F|  |TAMS 0x0000000789800000, 0x0000000789800000| Untracked 
| 153|0x0000000789900000, 0x0000000789900000, 0x0000000789a00000|  0%| F|  |TAMS 0x0000000789900000, 0x0000000789900000| Untracked 
| 154|0x0000000789a00000, 0x0000000789a00000, 0x0000000789b00000|  0%| F|  |TAMS 0x0000000789a00000, 0x0000000789a00000| Untracked 
| 155|0x0000000789b00000, 0x0000000789b00000, 0x0000000789c00000|  0%| F|  |TAMS 0x0000000789b00000, 0x0000000789b00000| Untracked 
| 156|0x0000000789c00000, 0x0000000789d00000, 0x0000000789d00000|100%| E|  |TAMS 0x0000000789c00000, 0x0000000789c00000| Complete 
| 157|0x0000000789d00000, 0x0000000789e00000, 0x0000000789e00000|100%| E|CS|TAMS 0x0000000789d00000, 0x0000000789d00000| Complete 
| 158|0x0000000789e00000, 0x0000000789f00000, 0x0000000789f00000|100%| E|CS|TAMS 0x0000000789e00000, 0x0000000789e00000| Complete 
| 159|0x0000000789f00000, 0x000000078a000000, 0x000000078a000000|100%| E|CS|TAMS 0x0000000789f00000, 0x0000000789f00000| Complete 
| 160|0x000000078a000000, 0x000000078a100000, 0x000000078a100000|100%| E|CS|TAMS 0x000000078a000000, 0x000000078a000000| Complete 
| 161|0x000000078a100000, 0x000000078a200000, 0x000000078a200000|100%| E|CS|TAMS 0x000000078a100000, 0x000000078a100000| Complete 
| 162|0x000000078a200000, 0x000000078a300000, 0x000000078a300000|100%| E|CS|TAMS 0x000000078a200000, 0x000000078a200000| Complete 
| 163|0x000000078a300000, 0x000000078a400000, 0x000000078a400000|100%| E|CS|TAMS 0x000000078a300000, 0x000000078a300000| Complete 
| 164|0x000000078a400000, 0x000000078a500000, 0x000000078a500000|100%| E|CS|TAMS 0x000000078a400000, 0x000000078a400000| Complete 
| 165|0x000000078a500000, 0x000000078a600000, 0x000000078a600000|100%| E|CS|TAMS 0x000000078a500000, 0x000000078a500000| Complete 
| 166|0x000000078a600000, 0x000000078a700000, 0x000000078a700000|100%| E|CS|TAMS 0x000000078a600000, 0x000000078a600000| Complete 
| 167|0x000000078a700000, 0x000000078a800000, 0x000000078a800000|100%| E|CS|TAMS 0x000000078a700000, 0x000000078a700000| Complete 
| 168|0x000000078a800000, 0x000000078a900000, 0x000000078a900000|100%| E|  |TAMS 0x000000078a800000, 0x000000078a800000| Complete 
| 169|0x000000078a900000, 0x000000078aa00000, 0x000000078aa00000|100%| E|CS|TAMS 0x000000078a900000, 0x000000078a900000| Complete 
| 170|0x000000078aa00000, 0x000000078ab00000, 0x000000078ab00000|100%| E|CS|TAMS 0x000000078aa00000, 0x000000078aa00000| Complete 
| 171|0x000000078ab00000, 0x000000078ac00000, 0x000000078ac00000|100%| E|CS|TAMS 0x000000078ab00000, 0x000000078ab00000| Complete 
| 172|0x000000078ac00000, 0x000000078ad00000, 0x000000078ad00000|100%| E|CS|TAMS 0x000000078ac00000, 0x000000078ac00000| Complete 
| 173|0x000000078ad00000, 0x000000078ad80000, 0x000000078ae00000| 50%| S|CS|TAMS 0x000000078ad00000, 0x000000078ad00000| Complete 
| 174|0x000000078ae00000, 0x000000078af00000, 0x000000078af00000|100%| S|CS|TAMS 0x000000078ae00000, 0x000000078ae00000| Complete 
| 175|0x000000078af00000, 0x000000078b000000, 0x000000078b000000|100%| S|CS|TAMS 0x000000078af00000, 0x000000078af00000| Complete 
| 176|0x000000078b000000, 0x000000078b100000, 0x000000078b100000|100%| E|CS|TAMS 0x000000078b000000, 0x000000078b000000| Complete 
| 177|0x000000078b100000, 0x000000078b200000, 0x000000078b200000|100%| E|CS|TAMS 0x000000078b100000, 0x000000078b100000| Complete 
| 178|0x000000078b200000, 0x000000078b300000, 0x000000078b300000|100%| E|CS|TAMS 0x000000078b200000, 0x000000078b200000| Complete 
| 179|0x000000078b300000, 0x000000078b400000, 0x000000078b400000|100%| E|CS|TAMS 0x000000078b300000, 0x000000078b300000| Complete 
| 180|0x000000078b400000, 0x000000078b500000, 0x000000078b500000|100%| E|CS|TAMS 0x000000078b400000, 0x000000078b400000| Complete 
| 181|0x000000078b500000, 0x000000078b600000, 0x000000078b600000|100%| E|CS|TAMS 0x000000078b500000, 0x000000078b500000| Complete 
| 182|0x000000078b600000, 0x000000078b700000, 0x000000078b700000|100%| E|CS|TAMS 0x000000078b600000, 0x000000078b600000| Complete 
| 183|0x000000078b700000, 0x000000078b800000, 0x000000078b800000|100%| E|CS|TAMS 0x000000078b700000, 0x000000078b700000| Complete 
| 184|0x000000078b800000, 0x000000078b900000, 0x000000078b900000|100%| E|CS|TAMS 0x000000078b800000, 0x000000078b800000| Complete 
| 185|0x000000078b900000, 0x000000078ba00000, 0x000000078ba00000|100%| E|CS|TAMS 0x000000078b900000, 0x000000078b900000| Complete 
| 186|0x000000078ba00000, 0x000000078bb00000, 0x000000078bb00000|100%| E|CS|TAMS 0x000000078ba00000, 0x000000078ba00000| Complete 
| 187|0x000000078bb00000, 0x000000078bc00000, 0x000000078bc00000|100%| E|CS|TAMS 0x000000078bb00000, 0x000000078bb00000| Complete 
| 188|0x000000078bc00000, 0x000000078bd00000, 0x000000078bd00000|100%| E|CS|TAMS 0x000000078bc00000, 0x000000078bc00000| Complete 
| 189|0x000000078bd00000, 0x000000078be00000, 0x000000078be00000|100%| E|CS|TAMS 0x000000078bd00000, 0x000000078bd00000| Complete 

Card table byte_map: [0x0000000124a64000,0x0000000124e64000] _byte_map_base: 0x0000000120e64000

Marking Bits (Prev, Next): (CMBitMap*) 0x00007fb81182d850, (CMBitMap*) 0x00007fb81182d818
 Prev Bits: [0x0000000127264000, 0x0000000129264000)
 Next Bits: [0x0000000125264000, 0x0000000127264000)

Polling page: 0x000000010ae7d000

Metaspace:

Usage:
  Non-class:     54.63 MB capacity,    53.59 MB ( 98%) used,   870.30 KB (  2%) free+waste,   189.69 KB ( <1%) overhead. 
      Class:      7.99 MB capacity,     7.22 MB ( 90%) used,   697.87 KB (  9%) free+waste,    88.69 KB (  1%) overhead. 
       Both:     62.61 MB capacity,    60.81 MB ( 97%) used,     1.53 MB (  2%) free+waste,   278.38 KB ( <1%) overhead. 

Virtual space:
  Non-class space:       56.00 MB reserved,      54.83 MB ( 98%) committed 
      Class space:        1.00 GB reserved,       8.00 MB ( <1%) committed 
             Both:        1.05 GB reserved,      62.83 MB (  6%) committed 

Chunk freelists:
   Non-Class:  0 bytes
       Class:  0 bytes
        Both:  0 bytes

CodeHeap 'non-profiled nmethods': size=120032Kb used=3122Kb max_used=3856Kb free=116909Kb
 bounds [0x000000011d52c000, 0x000000011d8fc000, 0x0000000124a64000]
CodeHeap 'profiled nmethods': size=120032Kb used=14018Kb max_used=16973Kb free=106013Kb
 bounds [0x0000000115ff4000, 0x0000000117094000, 0x000000011d52c000]
CodeHeap 'non-nmethods': size=5696Kb used=1463Kb max_used=1490Kb free=4232Kb
 bounds [0x0000000115a64000, 0x0000000115cd4000, 0x0000000115ff4000]
 total_blobs=11245 nmethods=7266 adapters=879
 compilation: enabled
              stopped_count=0, restarted_count=0
 full_count=0

Compilation events (10 events):
Event: 19.708 Thread 0x00007fb812830000 nmethod 8720 0x0000000116119090 code [0x0000000116119240, 0x0000000116119410]
Event: 19.708 Thread 0x00007fb812830000 8718       3       java.nio.CharBuffer::wrap (8 bytes)
Event: 19.709 Thread 0x00007fb812830000 nmethod 8718 0x0000000116159890 code [0x0000000116159a80, 0x0000000116159f38]
Event: 19.709 Thread 0x00007fb812830000 8721       3       sun.security.x509.RDN::toRFC2253String (38 bytes)
Event: 19.709 Thread 0x00007fb812830000 nmethod 8721 0x0000000116154490 code [0x0000000116154680, 0x0000000116154a18]
Event: 19.709 Thread 0x00007fb812830000 8722       3       sun.security.x509.RDN::toRFC2253StringInternal (135 bytes)
Event: 19.713 Thread 0x00007fb812830000 nmethod 8722 0x000000011615a590 code [0x000000011615a820, 0x000000011615b0d8]
Event: 19.713 Thread 0x00007fb812830000 8726       3       java.security.cert.TrustAnchor::getNameConstraints (22 bytes)
Event: 19.714 Thread 0x00007fb812830000 nmethod 8726 0x000000011615cf10 code [0x000000011615d0e0, 0x000000011615d468]
Event: 19.714 Thread 0x00007fb812830000 8723       3       sun.security.x509.AVAKeyword::isCompliant (67 bytes)

GC Heap History (10 events):
Event: 9.350 GC heap before
{Heap before GC invocations=11 (full 0):
 garbage-first heap   total 157696K, used 114317K [0x0000000780000000, 0x0000000800000000)
  region size 1024K, 83 young (84992K), 6 survivors (6144K)
 Metaspace       used 38184K, capacity 39234K, committed 39600K, reserved 1085440K
  class space    used 4087K, capacity 4481K, committed 4608K, reserved 1048576K
}
Event: 9.361 GC heap after
{Heap after GC invocations=12 (full 0):
 garbage-first heap   total 194560K, used 37476K [0x0000000780000000, 0x0000000800000000)
  region size 1024K, 7 young (7168K), 7 survivors (7168K)
 Metaspace       used 38184K, capacity 39234K, committed 39600K, reserved 1085440K
  class space    used 4087K, capacity 4481K, committed 4608K, reserved 1048576K
}
Event: 13.800 GC heap before
{Heap before GC invocations=12 (full 0):
 garbage-first heap   total 194560K, used 127588K [0x0000000780000000, 0x0000000800000000)
  region size 1024K, 95 young (97280K), 7 survivors (7168K)
 Metaspace       used 38185K, capacity 39234K, committed 39600K, reserved 1085440K
  class space    used 4087K, capacity 4481K, committed 4608K, reserved 1048576K
}
Event: 13.811 GC heap after
{Heap after GC invocations=13 (full 0):
 garbage-first heap   total 194560K, used 39573K [0x0000000780000000, 0x0000000800000000)
  region size 1024K, 4 young (4096K), 4 survivors (4096K)
 Metaspace       used 38185K, capacity 39234K, committed 39600K, reserved 1085440K
  class space    used 4087K, capacity 4481K, committed 4608K, reserved 1048576K
}
Event: 14.489 GC heap before
{Heap before GC invocations=13 (full 0):
 garbage-first heap   total 194560K, used 144021K [0x0000000780000000, 0x0000000800000000)
  region size 1024K, 106 young (108544K), 4 survivors (4096K)
 Metaspace       used 38196K, capacity 39298K, committed 39600K, reserved 1085440K
  class space    used 4087K, capacity 4481K, committed 4608K, reserved 1048576K
}
Event: 14.495 GC heap after
{Heap after GC invocations=14 (full 0):
 garbage-first heap   total 194560K, used 41513K [0x0000000780000000, 0x0000000800000000)
  region size 1024K, 6 young (6144K), 6 survivors (6144K)
 Metaspace       used 38196K, capacity 39298K, committed 39600K, reserved 1085440K
  class space    used 4087K, capacity 4481K, committed 4608K, reserved 1048576K
}
Event: 18.140 GC heap before
{Heap before GC invocations=14 (full 0):
 garbage-first heap   total 194560K, used 165417K [0x0000000780000000, 0x0000000800000000)
  region size 1024K, 111 young (113664K), 6 survivors (6144K)
 Metaspace       used 54955K, capacity 56403K, committed 56624K, reserved 1099776K
  class space    used 6400K, capacity 7018K, committed 7040K, reserved 1048576K
}
Event: 18.154 GC heap after
{Heap after GC invocations=15 (full 0):
 garbage-first heap   total 194560K, used 66308K [0x0000000780000000, 0x0000000800000000)
  region size 1024K, 14 young (14336K), 14 survivors (14336K)
 Metaspace       used 54955K, capacity 56403K, committed 56624K, reserved 1099776K
  class space    used 6400K, capacity 7018K, committed 7040K, reserved 1048576K
}
Event: 18.663 GC heap before
{Heap before GC invocations=15 (full 0):
 garbage-first heap   total 194560K, used 84740K [0x0000000780000000, 0x0000000800000000)
  region size 1024K, 28 young (28672K), 14 survivors (14336K)
 Metaspace       used 58545K, capacity 60149K, committed 60336K, reserved 1101824K
  class space    used 6876K, capacity 7565K, committed 7680K, reserved 1048576K
}
Event: 18.682 GC heap after
{Heap after GC invocations=16 (full 0):
 garbage-first heap   total 194560K, used 68821K [0x0000000780000000, 0x0000000800000000)
  region size 1024K, 3 young (3072K), 3 survivors (3072K)
 Metaspace       used 58545K, capacity 60149K, committed 60336K, reserved 1101824K
  class space    used 6876K, capacity 7565K, committed 7680K, reserved 1048576K
}

Deoptimization events (10 events):
Event: 19.509 Thread 0x00007fb8117f1000 Uncommon trap: reason=unstable_if action=reinterpret pc=0x000000011d57e140 method=java.io.BufferedReader.readLine(Z)Ljava/lang/String; @ 192 c2
Event: 19.512 Thread 0x00007fb8117f1000 Uncommon trap: reason=unstable_if action=reinterpret pc=0x000000011d66baa0 method=java.lang.AbstractStringBuilder.appendChars(Ljava/lang/CharSequence;II)V @ 43 c2
Event: 19.512 Thread 0x00007fb8117f1000 Uncommon trap: reason=unstable_if action=reinterpret pc=0x000000011d85ec5c method=java.lang.AbstractStringBuilder.charAt(I)C @ 12 c2
Event: 19.512 Thread 0x00007fb8117f1000 Uncommon trap: reason=unstable_if action=reinterpret pc=0x000000011d6d4ae0 method=java.lang.AbstractStringBuilder.charAt(I)C @ 12 c2
Event: 19.512 Thread 0x00007fb8117f1000 Uncommon trap: reason=class_check action=maybe_recompile pc=0x000000011d6c715c method=java.lang.AbstractStringBuilder.append(Ljava/lang/CharSequence;II)Ljava/lang/AbstractStringBuilder; @ 10 c2
Event: 19.512 Thread 0x00007fb8117f1000 Uncommon trap: reason=unstable_if action=reinterpret pc=0x000000011d6c7288 method=java.lang.AbstractStringBuilder.appendChars(Ljava/lang/CharSequence;II)V @ 43 c2
Event: 19.512 Thread 0x00007fb8117f1000 Uncommon trap: reason=unstable_if action=reinterpret pc=0x000000011d655414 method=java.lang.AbstractStringBuilder.charAt(I)C @ 12 c2
Event: 19.512 Thread 0x00007fb8117f1000 Uncommon trap: reason=unstable_if action=reinterpret pc=0x000000011d62d31c method=java.lang.AbstractStringBuilder.appendChars(Ljava/lang/CharSequence;II)V @ 4 c2
Event: 19.513 Thread 0x00007fb8117f1000 Uncommon trap: reason=unstable_if action=reinterpret pc=0x000000011d53d354 method=java.lang.StringLatin1.canEncode(I)Z @ 4 c2
Event: 19.705 Thread 0x00007fb812a2d800 Uncommon trap: reason=unstable_if action=reinterpret pc=0x000000011d58c3d4 method=java.nio.Buffer.<init>(IIII)V @ 44 c2

Classes redefined (0 events):
No events

Internal exceptions (10 events):
Event: 18.952 Thread 0x00007fb812e7a000 Exception <a 'java/lang/NoSuchMethodError'{0x000000078b6ebcd8}: java.lang.invoke.DirectMethodHandle$Holder.invokeStatic(Ljava/lang/Object;Ljava/lang/Object;Ljava/lang/Object;Ljava/lang/Object;Ljava/lang/Object;Ljava/lang/Object;Ljava/lang/Object;Ljava/lan
Event: 18.953 Thread 0x00007fb812e7a000 Exception <a 'java/lang/NoSuchMethodError'{0x000000078b6fba48}: java.lang.invoke.DelegatingMethodHandle$Holder.reinvoke_L(Ljava/lang/Object;JLjava/lang/Object;)Ljava/lang/Object;> (0x000000078b6fba48) thrown at [../../src/hotspot/share/interpreter/linkRes
Event: 18.961 Thread 0x00007fb812e7a000 Exception <a 'java/lang/NoSuchMethodError'{0x000000078b57c148}: java.lang.invoke.DelegatingMethodHandle$Holder.reinvoke_L(Ljava/lang/Object;Ljava/lang/Object;IIJILjava/lang/Object;Ljava/lang/Object;Ljava/lang/Object;I)Ljava/lang/Object;> (0x000000078b57c1
Event: 18.966 Thread 0x00007fb812e7a000 Exception <a 'java/lang/NoSuchMethodError'{0x000000078b5dadc0}: java.lang.invoke.DirectMethodHandle$Holder.invokeSpecial(Ljava/lang/Object;Ljava/lang/Object;IIIJILjava/lang/Object;Ljava/lang/Object;Ljava/lang/Object;I)Ljava/lang/Object;> (0x000000078b5dad
Event: 18.967 Thread 0x00007fb812e7a000 Exception <a 'java/lang/NoSuchMethodError'{0x000000078b5de650}: java.lang.invoke.DelegatingMethodHandle$Holder.reinvoke_L(Ljava/lang/Object;IIIJILjava/lang/Object;Ljava/lang/Object;Ljava/lang/Object;I)Ljava/lang/Object;> (0x000000078b5de650) thrown at [..
Event: 19.635 Thread 0x00007fb812e7a000 Exception <a 'java/lang/NoSuchMethodError'{0x0000000789e17178}: java.lang.invoke.DelegatingMethodHandle$Holder.reinvoke_L(Ljava/lang/Object;Ljava/lang/Object;IIJIILjava/lang/Object;Ljava/lang/Object;I)Ljava/lang/Object;> (0x0000000789e17178) thrown at [..
Event: 19.639 Thread 0x00007fb812e7a000 Exception <a 'java/lang/NoSuchMethodError'{0x0000000789e74808}: java.lang.invoke.DirectMethodHandle$Holder.invokeSpecial(Ljava/lang/Object;Ljava/lang/Object;IIIJIILjava/lang/Object;Ljava/lang/Object;I)Ljava/lang/Object;> (0x0000000789e74808) thrown at [..
Event: 19.640 Thread 0x00007fb812e7a000 Exception <a 'java/lang/NoSuchMethodError'{0x0000000789e77f90}: java.lang.invoke.DelegatingMethodHandle$Holder.reinvoke_L(Ljava/lang/Object;IIIJIILjava/lang/Object;Ljava/lang/Object;I)Ljava/lang/Object;> (0x0000000789e77f90) thrown at [../../src/hotspot/s
Event: 19.714 Thread 0x00007fb814a1a000 Exception <a 'java/lang/NoClassDefFoundError'{0x0000000789cfb3d0}: com/sun/webkit/MainThread> (0x0000000789cfb3d0) thrown at [../../src/hotspot/share/classfile/systemDictionary.cpp, line 220]
Event: 19.714 Thread 0x00007fb814a1a000 Exception <a 'java/lang/NoSuchMethodError'{0x0000000789cfb6e8}: fwkScheduleDispatchFunctions> (0x0000000789cfb6e8) thrown at [../../src/hotspot/share/prims/jni.cpp, line 1333]

Events (10 events):
Event: 19.714 Thread 0x00007fb812a2d800 DEOPT PACKING pc=0x000000011607cc34 sp=0x0000700010d502d0
Event: 19.714 Thread 0x00007fb812a2d800 DEOPT UNPACKING pc=0x0000000115a8c7ba sp=0x0000700010d4f7a8 mode 0
Event: 19.714 Thread 0x00007fb814a1a000 Thread added: 0x00007fb814a1a000
Event: 19.714 loading class sun/security/util/RegisteredDomain
Event: 19.714 loading class com/sun/webkit/MainThread
Event: 19.714 loading class com/sun/webkit/MainThread done
Event: 19.714 loading class sun/security/util/RegisteredDomain done
Event: 19.714 loading class sun/security/util/DomainName
Event: 19.714 loading class sun/security/util/DomainName done
Event: 19.714 loading class sun/security/util/DomainName$Rules


Dynamic libraries:
0x00007fff5224b000 	/System/Library/Frameworks/Cocoa.framework/Versions/A/Cocoa
0x00007fff5e50a000 	/System/Library/Frameworks/Security.framework/Versions/A/Security
0x00007fff50e52000 	/System/Library/Frameworks/ApplicationServices.framework/Versions/A/ApplicationServices
0x00007fff7faf9000 	/usr/lib/libz.1.dylib
0x00007fff7d16e000 	/usr/lib/libSystem.B.dylib
0x00007fff52a6e000 	/System/Library/Frameworks/CoreFoundation.framework/Versions/A/CoreFoundation
0x00007fff54df3000 	/System/Library/Frameworks/Foundation.framework/Versions/C/Foundation
0x00007fff7ec16000 	/usr/lib/libobjc.A.dylib
0x00007fff4ffdf000 	/System/Library/Frameworks/AppKit.framework/Versions/C/AppKit
0x00007fff525e2000 	/System/Library/Frameworks/CoreData.framework/Versions/A/CoreData
0x00007fff7633c000 	/System/Library/PrivateFrameworks/RemoteViewServices.framework/Versions/A/RemoteViewServices
0x00007fff7ae3c000 	/System/Library/PrivateFrameworks/UIFoundation.framework/Versions/A/UIFoundation
0x00007fff7c5f4000 	/System/Library/PrivateFrameworks/XCTTargetBootstrap.framework/Versions/A/XCTTargetBootstrap
0x00007fff70e3f000 	/System/Library/PrivateFrameworks/IconServices.framework/Versions/A/IconServices
0x00007fff576bd000 	/System/Library/Frameworks/Metal.framework/Versions/A/Metal
0x00007fff68041000 	/System/Library/PrivateFrameworks/DesktopServicesPriv.framework/Versions/A/DesktopServicesPriv
0x00007fff7df29000 	/usr/lib/libenergytrace.dylib
0x00007fff78bad000 	/System/Library/PrivateFrameworks/SkyLight.framework/Versions/A/SkyLight
0x00007fff52ebd000 	/System/Library/Frameworks/CoreGraphics.framework/Versions/A/CoreGraphics
0x00007fff4ed9a000 	/System/Library/Frameworks/Accelerate.framework/Versions/A/Accelerate
0x00007fff5557d000 	/System/Library/Frameworks/IOSurface.framework/Versions/A/IOSurface
0x00007fff67ea3000 	/System/Library/PrivateFrameworks/DFRFoundation.framework/Versions/A/DFRFoundation
0x00007fff51357000 	/System/Library/Frameworks/AudioToolbox.framework/Versions/A/AudioToolbox
0x00007fff515f6000 	/System/Library/Frameworks/AudioUnit.framework/Versions/A/AudioUnit
0x00007fff67f3a000 	/System/Library/PrivateFrameworks/DataDetectorsCore.framework/Versions/A/DataDetectorsCore
0x00007fff51d35000 	/System/Library/Frameworks/Carbon.framework/Versions/A/Frameworks/HIToolbox.framework/Versions/A/HIToolbox
0x00007fff7e084000 	/usr/lib/libicucore.A.dylib
0x00007fff5da5d000 	/System/Library/Frameworks/QuartzCore.framework/Versions/A/QuartzCore
0x00007fff5211c000 	/System/Library/Frameworks/Carbon.framework/Versions/A/Frameworks/SpeechRecognition.framework/Versions/A/SpeechRecognition
0x00007fff7d2d1000 	/usr/lib/libauto.dylib
0x00007fff7f9ec000 	/usr/lib/libxml2.2.dylib
0x00007fff67aa2000 	/System/Library/PrivateFrameworks/CoreUI.framework/Versions/A/CoreUI
0x00007fff524c0000 	/System/Library/Frameworks/CoreAudio.framework/Versions/A/CoreAudio
0x00007fff54c25000 	/System/Library/Frameworks/DiskArbitration.framework/Versions/A/DiskArbitration
0x00007fff7e334000 	/usr/lib/liblangid.dylib
0x00007fff722ef000 	/System/Library/PrivateFrameworks/MultitouchSupport.framework/Versions/A/MultitouchSupport
0x00007fff554e8000 	/System/Library/Frameworks/IOKit.framework/Versions/A/IOKit
0x00007fff7cdbc000 	/usr/lib/libDiagnosticMessagesClient.dylib
0x00007fff53d2b000 	/System/Library/Frameworks/CoreServices.framework/Versions/A/CoreServices
0x00007fff74025000 	/System/Library/PrivateFrameworks/PerformanceAnalysis.framework/Versions/A/PerformanceAnalysis
0x00007fff5cbf2000 	/System/Library/Frameworks/OpenGL.framework/Versions/A/OpenGL
0x00007fff52259000 	/System/Library/Frameworks/ColorSync.framework/Versions/A/ColorSync
0x00007fff5354c000 	/System/Library/Frameworks/CoreImage.framework/Versions/A/CoreImage
0x00007fff5476e000 	/System/Library/Frameworks/CoreText.framework/Versions/A/CoreText
0x00007fff555de000 	/System/Library/Frameworks/ImageIO.framework/Versions/A/ImageIO
0x00007fff640dd000 	/System/Library/PrivateFrameworks/Backup.framework/Versions/A/Backup
0x00007fff7d224000 	/usr/lib/libarchive.2.dylib
0x00007fff5195a000 	/System/Library/Frameworks/CFNetwork.framework/Versions/A/CFNetwork
0x00007fff5ecb5000 	/System/Library/Frameworks/SystemConfiguration.framework/Versions/A/SystemConfiguration
0x00007fff7cce5000 	/usr/lib/libCRFSuite.dylib
0x00007fff7d3c8000 	/usr/lib/libc++.1.dylib
0x00007fff7d420000 	/usr/lib/libc++abi.dylib
0x00007fff7fb7c000 	/usr/lib/system/libcache.dylib
0x00007fff7fb81000 	/usr/lib/system/libcommonCrypto.dylib
0x00007fff7fb8c000 	/usr/lib/system/libcompiler_rt.dylib
0x00007fff7fb94000 	/usr/lib/system/libcopyfile.dylib
0x00007fff7fb9e000 	/usr/lib/system/libcorecrypto.dylib
0x00007fff7fca9000 	/usr/lib/system/libdispatch.dylib
0x00007fff7fce4000 	/usr/lib/system/libdyld.dylib
0x00007fff7fd14000 	/usr/lib/system/libkeymgr.dylib
0x00007fff7fd22000 	/usr/lib/system/liblaunch.dylib
0x00007fff7fd23000 	/usr/lib/system/libmacho.dylib
0x00007fff7fd29000 	/usr/lib/system/libquarantine.dylib
0x00007fff7fd2c000 	/usr/lib/system/libremovefile.dylib
0x00007fff7fd2e000 	/usr/lib/system/libsystem_asl.dylib
0x00007fff7fd46000 	/usr/lib/system/libsystem_blocks.dylib
0x00007fff7fd47000 	/usr/lib/system/libsystem_c.dylib
0x00007fff7fdd0000 	/usr/lib/system/libsystem_configuration.dylib
0x00007fff7fdd4000 	/usr/lib/system/libsystem_coreservices.dylib
0x00007fff7fdd8000 	/usr/lib/system/libsystem_darwin.dylib
0x00007fff7fddf000 	/usr/lib/system/libsystem_dnssd.dylib
0x00007fff7fde6000 	/usr/lib/system/libsystem_info.dylib
0x00007fff7fe5c000 	/usr/lib/system/libsystem_m.dylib
0x00007fff7fea8000 	/usr/lib/system/libsystem_malloc.dylib
0x00007fff7fecd000 	/usr/lib/system/libsystem_networkextension.dylib
0x00007fff7fed9000 	/usr/lib/system/libsystem_notify.dylib
0x00007fff7fef6000 	/usr/lib/system/libsystem_sandbox.dylib
0x00007fff7fefa000 	/usr/lib/system/libsystem_secinit.dylib
0x00007fff7fe33000 	/usr/lib/system/libsystem_kernel.dylib
0x00007fff7fee1000 	/usr/lib/system/libsystem_platform.dylib
0x00007fff7feeb000 	/usr/lib/system/libsystem_pthread.dylib
0x00007fff7fefd000 	/usr/lib/system/libsystem_symptoms.dylib
0x00007fff7ff05000 	/usr/lib/system/libsystem_trace.dylib
0x00007fff7ff1c000 	/usr/lib/system/libunwind.dylib
0x00007fff7ff22000 	/usr/lib/system/libxpc.dylib
0x00007fff7d3a8000 	/usr/lib/libbsm.0.dylib
0x00007fff7fd15000 	/usr/lib/system/libkxld.dylib
0x00007fff6338a000 	/System/Library/PrivateFrameworks/AppleFSCompression.framework/Versions/A/AppleFSCompression
0x00007fff7d02d000 	/usr/lib/libOpenScriptingUtil.dylib
0x00007fff7d70b000 	/usr/lib/libcoretls.dylib
0x00007fff7d722000 	/usr/lib/libcoretls_cfhelpers.dylib
0x00007fff7f3af000 	/usr/lib/libpam.2.dylib
0x00007fff7f572000 	/usr/lib/libsqlite3.dylib
0x00007fff7f9da000 	/usr/lib/libxar.1.dylib
0x00007fff7d3b9000 	/usr/lib/libbz2.1.0.dylib
0x00007fff7e336000 	/usr/lib/liblzma.5.dylib
0x00007fff7e82c000 	/usr/lib/libnetwork.dylib
0x00007fff7d20d000 	/usr/lib/libapple_nghttp2.dylib
0x00007fff7f3b6000 	/usr/lib/libpcap.A.dylib
0x00007fff540cf000 	/System/Library/Frameworks/CoreServices.framework/Versions/A/Frameworks/FSEvents.framework/Versions/A/FSEvents
0x00007fff53dab000 	/System/Library/Frameworks/CoreServices.framework/Versions/A/Frameworks/CarbonCore.framework/Versions/A/CarbonCore
0x00007fff542a4000 	/System/Library/Frameworks/CoreServices.framework/Versions/A/Frameworks/Metadata.framework/Versions/A/Metadata
0x00007fff54347000 	/System/Library/Frameworks/CoreServices.framework/Versions/A/Frameworks/OSServices.framework/Versions/A/OSServices
0x00007fff54393000 	/System/Library/Frameworks/CoreServices.framework/Versions/A/Frameworks/SearchKit.framework/Versions/A/SearchKit
0x00007fff53d2c000 	/System/Library/Frameworks/CoreServices.framework/Versions/A/Frameworks/AE.framework/Versions/A/AE
0x00007fff540d8000 	/System/Library/Frameworks/CoreServices.framework/Versions/A/Frameworks/LaunchServices.framework/Versions/A/LaunchServices
0x00007fff54084000 	/System/Library/Frameworks/CoreServices.framework/Versions/A/Frameworks/DictionaryServices.framework/Versions/A/DictionaryServices
0x00007fff54402000 	/System/Library/Frameworks/CoreServices.framework/Versions/A/Frameworks/SharedFileList.framework/Versions/A/SharedFileList
0x00007fff58b83000 	/System/Library/Frameworks/NetFS.framework/Versions/A/NetFS
0x00007fff7258c000 	/System/Library/PrivateFrameworks/NetAuth.framework/Versions/A/NetAuth
0x00007fff7ca28000 	/System/Library/PrivateFrameworks/login.framework/Versions/A/Frameworks/loginsupport.framework/Versions/A/loginsupport
0x00007fff7aa34000 	/System/Library/PrivateFrameworks/TCC.framework/Versions/A/TCC
0x00007fff670aa000 	/System/Library/PrivateFrameworks/CoreNLP.framework/Versions/A/CoreNLP
0x00007fff71fe0000 	/System/Library/PrivateFrameworks/MetadataUtilities.framework/Versions/A/MetadataUtilities
0x00007fff7e417000 	/usr/lib/libmecabra.dylib
0x00007fff50e53000 	/System/Library/Frameworks/ApplicationServices.framework/Versions/A/Frameworks/ATS.framework/Versions/A/ATS
0x00007fff511be000 	/System/Library/Frameworks/ApplicationServices.framework/Versions/A/Frameworks/ColorSyncLegacy.framework/Versions/A/ColorSyncLegacy
0x00007fff5125f000 	/System/Library/Frameworks/ApplicationServices.framework/Versions/A/Frameworks/HIServices.framework/Versions/A/HIServices
0x00007fff512b2000 	/System/Library/Frameworks/ApplicationServices.framework/Versions/A/Frameworks/LangAnalysis.framework/Versions/A/LangAnalysis
0x00007fff512c1000 	/System/Library/Frameworks/ApplicationServices.framework/Versions/A/Frameworks/PrintCore.framework/Versions/A/PrintCore
0x00007fff5130e000 	/System/Library/Frameworks/ApplicationServices.framework/Versions/A/Frameworks/QD.framework/Versions/A/QD
0x00007fff5134a000 	/System/Library/Frameworks/ApplicationServices.framework/Versions/A/Frameworks/SpeechSynthesis.framework/Versions/A/SpeechSynthesis
0x00007fff7d448000 	/usr/lib/libcompression.dylib
0x00007fff52984000 	/System/Library/Frameworks/CoreDisplay.framework/Versions/A/CoreDisplay
0x00007fff57985000 	/System/Library/Frameworks/MetalPerformanceShaders.framework/Versions/A/MetalPerformanceShaders
0x00007fff4edb2000 	/System/Library/Frameworks/Accelerate.framework/Versions/A/Frameworks/vImage.framework/Versions/A/vImage
0x00007fff4fe2e000 	/System/Library/Frameworks/Accelerate.framework/Versions/A/Frameworks/vecLib.framework/Versions/A/vecLib
0x00007fff4fd78000 	/System/Library/Frameworks/Accelerate.framework/Versions/A/Frameworks/vecLib.framework/Versions/A/libvMisc.dylib
0x00007fff4fb93000 	/System/Library/Frameworks/Accelerate.framework/Versions/A/Frameworks/vecLib.framework/Versions/A/libvDSP.dylib
0x00007fff4f453000 	/System/Library/Frameworks/Accelerate.framework/Versions/A/Frameworks/vecLib.framework/Versions/A/libBLAS.dylib
0x00007fff4f73e000 	/System/Library/Frameworks/Accelerate.framework/Versions/A/Frameworks/vecLib.framework/Versions/A/libLAPACK.dylib
0x00007fff4fae5000 	/System/Library/Frameworks/Accelerate.framework/Versions/A/Frameworks/vecLib.framework/Versions/A/libLinearAlgebra.dylib
0x00007fff4fb7f000 	/System/Library/Frameworks/Accelerate.framework/Versions/A/Frameworks/vecLib.framework/Versions/A/libSparseBLAS.dylib
0x00007fff4fafb000 	/System/Library/Frameworks/Accelerate.framework/Versions/A/Frameworks/vecLib.framework/Versions/A/libQuadrature.dylib
0x00007fff4f6cb000 	/System/Library/Frameworks/Accelerate.framework/Versions/A/Frameworks/vecLib.framework/Versions/A/libBNNS.dylib
0x00007fff4fb01000 	/System/Library/Frameworks/Accelerate.framework/Versions/A/Frameworks/vecLib.framework/Versions/A/libSparse.dylib
0x00007fff6e5d1000 	/System/Library/PrivateFrameworks/GPUWrangler.framework/Versions/A/GPUWrangler
0x00007fff70a06000 	/System/Library/PrivateFrameworks/IOAccelerator.framework/Versions/A/IOAccelerator
0x00007fff70a11000 	/System/Library/PrivateFrameworks/IOPresentment.framework/Versions/A/IOPresentment
0x00007fff67eb3000 	/System/Library/PrivateFrameworks/DSExternalDisplay.framework/Versions/A/DSExternalDisplay
0x00007fff5c037000 	/System/Library/Frameworks/OpenGL.framework/Versions/A/Libraries/libCoreFSCache.dylib
0x00007fff5776d000 	/System/Library/Frameworks/MetalPerformanceShaders.framework/Frameworks/MPSCore.framework/Versions/A/MPSCore
0x00007fff5778e000 	/System/Library/Frameworks/MetalPerformanceShaders.framework/Frameworks/MPSImage.framework/Versions/A/MPSImage
0x00007fff57836000 	/System/Library/Frameworks/MetalPerformanceShaders.framework/Frameworks/MPSNeuralNetwork.framework/Versions/A/MPSNeuralNetwork
0x00007fff5780d000 	/System/Library/Frameworks/MetalPerformanceShaders.framework/Frameworks/MPSMatrix.framework/Versions/A/MPSMatrix
0x00007fff57969000 	/System/Library/Frameworks/MetalPerformanceShaders.framework/Frameworks/MPSRayIntersector.framework/Versions/A/MPSRayIntersector
0x00007fff72009000 	/System/Library/PrivateFrameworks/MetalTools.framework/Versions/A/MetalTools
0x00007fff62a84000 	/System/Library/PrivateFrameworks/AggregateDictionary.framework/Versions/A/AggregateDictionary
0x00007fff7d00d000 	/usr/lib/libMobileGestalt.dylib
0x00007fff548d4000 	/System/Library/Frameworks/CoreVideo.framework/Versions/A/CoreVideo
0x00007fff6f441000 	/System/Library/PrivateFrameworks/GraphVisualizer.framework/Versions/A/GraphVisualizer
0x00007fff691dc000 	/System/Library/PrivateFrameworks/FaceCore.framework/Versions/A/FaceCore
0x00007fff5b64f000 	/System/Library/Frameworks/OpenCL.framework/Versions/A/OpenCL
0x00007fff7cdf4000 	/usr/lib/libFosl_dynamic.dylib
0x00007fff72e64000 	/System/Library/PrivateFrameworks/OTSVG.framework/Versions/A/OTSVG
0x00007fff50f57000 	/System/Library/Frameworks/ApplicationServices.framework/Versions/A/Frameworks/ATS.framework/Versions/A/Resources/libFontParser.dylib
0x00007fff51077000 	/System/Library/Frameworks/ApplicationServices.framework/Versions/A/Frameworks/ATS.framework/Versions/A/Resources/libFontRegistry.dylib
0x00007fff55868000 	/System/Library/Frameworks/ImageIO.framework/Versions/A/Resources/libJPEG.dylib
0x00007fff55b8a000 	/System/Library/Frameworks/ImageIO.framework/Versions/A/Resources/libTIFF.dylib
0x00007fff55b60000 	/System/Library/Frameworks/ImageIO.framework/Versions/A/Resources/libPng.dylib
0x00007fff5577d000 	/System/Library/Frameworks/ImageIO.framework/Versions/A/Resources/libGIF.dylib
0x00007fff55782000 	/System/Library/Frameworks/ImageIO.framework/Versions/A/Resources/libJP2.dylib
0x00007fff55b87000 	/System/Library/Frameworks/ImageIO.framework/Versions/A/Resources/libRadiance.dylib
0x00007fff634e3000 	/System/Library/PrivateFrameworks/AppleJPEG.framework/Versions/A/AppleJPEG
0x00007fff5c042000 	/System/Library/Frameworks/OpenGL.framework/Versions/A/Libraries/libGFXShared.dylib
0x00007fff5c205000 	/System/Library/Frameworks/OpenGL.framework/Versions/A/Libraries/libGLU.dylib
0x00007fff5c04b000 	/System/Library/Frameworks/OpenGL.framework/Versions/A/Libraries/libGL.dylib
0x00007fff5c057000 	/System/Library/Frameworks/OpenGL.framework/Versions/A/Libraries/libGLImage.dylib
0x00007fff5c034000 	/System/Library/Frameworks/OpenGL.framework/Versions/A/Libraries/libCVMSPluginSupport.dylib
0x00007fff5c03d000 	/System/Library/Frameworks/OpenGL.framework/Versions/A/Libraries/libCoreVMClient.dylib
0x00007fff7dd9a000 	/usr/lib/libcups.2.dylib
0x00007fff56c82000 	/System/Library/Frameworks/Kerberos.framework/Versions/A/Kerberos
0x00007fff55232000 	/System/Library/Frameworks/GSS.framework/Versions/A/GSS
0x00007fff7f506000 	/usr/lib/libresolv.9.dylib
0x00007fff7df92000 	/usr/lib/libiconv.2.dylib
0x00007fff6f5a1000 	/System/Library/PrivateFrameworks/Heimdal.framework/Versions/A/Heimdal
0x00007fff7df61000 	/usr/lib/libheimdal-asn1.dylib
0x00007fff5b6c5000 	/System/Library/Frameworks/OpenDirectory.framework/Versions/A/OpenDirectory
0x00007fff65da6000 	/System/Library/PrivateFrameworks/CommonAuth.framework/Versions/A/CommonAuth
0x00007fff5b6a8000 	/System/Library/Frameworks/OpenDirectory.framework/Versions/A/Frameworks/CFOpenDirectory.framework/Versions/A/CFOpenDirectory
0x00007fff5e833000 	/System/Library/Frameworks/SecurityFoundation.framework/Versions/A/SecurityFoundation
0x00007fff61f93000 	/System/Library/PrivateFrameworks/APFS.framework/Versions/A/APFS
0x00007fff7f9d6000 	/usr/lib/libutil.dylib
0x00007fff7d436000 	/usr/lib/libcharset.1.dylib
0x00007fff6377f000 	/System/Library/PrivateFrameworks/AppleSauce.framework/Versions/A/AppleSauce
0x00007fff6390d000 	/System/Library/PrivateFrameworks/AssertionServices.framework/Versions/A/AssertionServices
0x00007fff64180000 	/System/Library/PrivateFrameworks/BaseBoard.framework/Versions/A/BaseBoard
0x00007fff7e366000 	/usr/lib/libmecab.1.0.0.dylib
0x00007fff7df5b000 	/usr/lib/libgermantok.dylib
0x00007fff7d1f9000 	/usr/lib/libThaiTokenizer.dylib
0x00007fff7cd20000 	/usr/lib/libChineseTokenizer.dylib
0x00007fff7113d000 	/System/Library/PrivateFrameworks/LanguageModeling.framework/Versions/A/LanguageModeling
0x00007fff66ac0000 	/System/Library/PrivateFrameworks/CoreEmoji.framework/Versions/A/CoreEmoji
0x00007fff71235000 	/System/Library/PrivateFrameworks/Lexicon.framework/Versions/A/Lexicon
0x00007fff7127d000 	/System/Library/PrivateFrameworks/LinguisticData.framework/Versions/A/LinguisticData
0x00007fff7d437000 	/usr/lib/libcmph.dylib
0x00007fff5e8f4000 	/System/Library/Frameworks/ServiceManagement.framework/Versions/A/ServiceManagement
0x00007fff640d3000 	/System/Library/PrivateFrameworks/BackgroundTaskManagement.framework/Versions/A/BackgroundTaskManagement
0x00007fff7fad0000 	/usr/lib/libxslt.1.dylib
0x00007fff52047000 	/System/Library/Frameworks/Carbon.framework/Versions/A/Frameworks/Ink.framework/Versions/A/Ink
0x00007fff7acb4000 	/System/Library/PrivateFrameworks/TextureIO.framework/Versions/A/TextureIO
0x00007fff7d24e000 	/usr/lib/libate.dylib
0x00007fff67e0f000 	/System/Library/PrivateFrameworks/CrashReporterSupport.framework/Versions/A/CrashReporterSupport
0x00007fff77cd5000 	/System/Library/PrivateFrameworks/Sharing.framework/Versions/A/Sharing
0x00007fff63c5f000 	/System/Library/PrivateFrameworks/AuthKit.framework/Versions/A/AuthKit
0x00007fff63082000 	/System/Library/PrivateFrameworks/Apple80211.framework/Versions/A/Apple80211
0x00007fff67bcf000 	/System/Library/PrivateFrameworks/CoreUtils.framework/Versions/A/CoreUtils
0x00007fff54912000 	/System/Library/Frameworks/CoreWLAN.framework/Versions/A/CoreWLAN
0x00007fff5537c000 	/System/Library/Frameworks/IOBluetooth.framework/Versions/A/IOBluetooth
0x00007fff75ff3000 	/System/Library/PrivateFrameworks/ProtocolBuffer.framework/Versions/A/ProtocolBuffer
0x00007fff72246000 	/System/Library/PrivateFrameworks/MobileKeyBag.framework/Versions/A/MobileKeyBag
0x00007fff673e7000 	/System/Library/PrivateFrameworks/CorePhoneNumbers.framework/Versions/A/CorePhoneNumbers
0x00007fff63497000 	/System/Library/PrivateFrameworks/AppleIDAuthSupport.framework/Versions/A/AppleIDAuthSupport
0x00007fff7110e000 	/System/Library/PrivateFrameworks/KeychainCircle.framework/Versions/A/KeychainCircle
0x00007fff761c0000 	/System/Library/PrivateFrameworks/ROCKit.framework/Versions/A/ROCKit
0x00007fff67dab000 	/System/Library/PrivateFrameworks/CoreWiFi.framework/Versions/A/CoreWiFi
0x00007fff525b6000 	/System/Library/Frameworks/CoreBluetooth.framework/Versions/A/CoreBluetooth
0x00007fff67fff000 	/System/Library/PrivateFrameworks/DebugSymbols.framework/Versions/A/DebugSymbols
0x00007fff67984000 	/System/Library/PrivateFrameworks/CoreSymbolication.framework/Versions/A/CoreSymbolication
0x00007fff7a49e000 	/System/Library/PrivateFrameworks/Symbolication.framework/Versions/A/Symbolication
0x00007fff79630000 	/System/Library/PrivateFrameworks/SpeechRecognitionCore.framework/Versions/A/SpeechRecognitionCore
0x000000010c535000 	/Library/Java/JavaVirtualMachines/adoptopenjdk-11.0.2.jdk/Contents/Home/lib/server/libjvm.dylib
0x00007fff7f89a000 	/usr/lib/libstdc++.6.dylib
0x000000010ae42000 	/Library/Java/JavaVirtualMachines/adoptopenjdk-11.0.2.jdk/Contents/Home/lib/libverify.dylib
0x000000010ae4e000 	/Library/Java/JavaVirtualMachines/adoptopenjdk-11.0.2.jdk/Contents/Home/lib/libjava.dylib
0x000000010ae7f000 	/Library/Java/JavaVirtualMachines/adoptopenjdk-11.0.2.jdk/Contents/Home/lib/libinstrument.dylib
0x000000010af12000 	/Library/Java/JavaVirtualMachines/adoptopenjdk-11.0.2.jdk/Contents/Home/lib/libzip.dylib
0x000000010af1a000 	/Library/Java/JavaVirtualMachines/adoptopenjdk-11.0.2.jdk/Contents/Home/lib/libjimage.dylib
0x000000010afe9000 	/Library/Java/JavaVirtualMachines/adoptopenjdk-11.0.2.jdk/Contents/Home/lib/libnio.dylib
0x000000012bd46000 	/Library/Java/JavaVirtualMachines/adoptopenjdk-11.0.2.jdk/Contents/Home/lib/./libnet.dylib
0x000000010aff7000 	/Library/Java/JavaVirtualMachines/adoptopenjdk-11.0.2.jdk/Contents/Home/lib/libextnet.dylib
0x000000012c08e000 	/Users/caden/.openjfx/cache/11/libprism_es2.dylib
0x00007fff6757e000 	/System/Library/PrivateFrameworks/CoreServicesInternal.framework/Versions/A/CoreServicesInternal
0x00007fff5cc02000 	/System/Library/Frameworks/OpenGL.framework/Versions/A/Resources/GLEngine.bundle/GLEngine
0x00007fff5c092000 	/System/Library/Frameworks/OpenGL.framework/Versions/A/Libraries/libGLProgrammability.dylib
0x00007fff4aca3000 	/System/Library/Extensions/AppleIntelHD5000GraphicsGLDriver.bundle/Contents/MacOS/AppleIntelHD5000GraphicsGLDriver
0x00007fff6e5c5000 	/System/Library/PrivateFrameworks/GPUSupport.framework/Versions/A/Libraries/libGPUSupportMercury.dylib
0x00007fff5cd99000 	/System/Library/Frameworks/OpenGL.framework/Versions/A/Resources/GLRendererFloat.bundle/GLRendererFloat
0x00007fff5b646000 	/System/Library/Frameworks/OpenCL.framework/Versions/A/Libraries/libcldcpuengine.dylib
0x00007fff7d8c2000 	/usr/lib/libcrypto.35.dylib
0x00007fff7ae35000 	/System/Library/PrivateFrameworks/TrustEvaluationAgent.framework/Versions/A/TrustEvaluationAgent
0x000000012c62c000 	/Users/caden/.openjfx/cache/11/libglass.dylib
0x00007fff48903000 	/System/Library/CoreServices/RawCamera.bundle/Contents/MacOS/RawCamera
0x00007fff720b0000 	/System/Library/PrivateFrameworks/MobileAsset.framework/Versions/A/MobileAsset
0x00007fff79d22000 	/System/Library/PrivateFrameworks/StreamingZip.framework/Versions/A/StreamingZip
0x00007fff5701d000 	/System/Library/Frameworks/MediaToolbox.framework/Versions/A/MediaToolbox
0x00007fff66645000 	/System/Library/PrivateFrameworks/CoreAVCHD.framework/Versions/A/CoreAVCHD
0x00007fff56f59000 	/System/Library/Frameworks/MediaAccessibility.framework/Versions/A/MediaAccessibility
0x00007fff71ae2000 	/System/Library/PrivateFrameworks/Mangrove.framework/Versions/A/Mangrove
0x00007fff53bc6000 	/System/Library/Frameworks/CoreMedia.framework/Versions/A/CoreMedia
0x00007fff5ef86000 	/System/Library/Frameworks/VideoToolbox.framework/Versions/A/VideoToolbox
0x00007fff6626d000 	/System/Library/PrivateFrameworks/CoreAUC.framework/Versions/A/CoreAUC
0x00007fff7f570000 	/usr/lib/libspindump.dylib
0x00007fff63872000 	/System/Library/PrivateFrameworks/AppleVA.framework/Versions/A/AppleVA
0x00007fff4ed9b000 	/System/Library/Frameworks/Accelerate.framework/Versions/A/Frameworks/vImage.framework/Versions/A/Libraries/libCGInterfaces.dylib
0x00007fff7bce5000 	/System/Library/PrivateFrameworks/ViewBridge.framework/Versions/A/ViewBridge
0x000000010afc8000 	/Library/Java/JavaVirtualMachines/adoptopenjdk-11.0.2.jdk/Contents/Home/lib/libmanagement.dylib
0x000000010afcd000 	/Library/Java/JavaVirtualMachines/adoptopenjdk-11.0.2.jdk/Contents/Home/lib/libmanagement_ext.dylib
0x00000001341e8000 	/Users/caden/.openjfx/cache/11/libjfxwebkit.dylib
0x000000010c432000 	/Users/caden/.openjfx/cache/11/libjavafx_font.dylib
0x00007fff51121000 	/System/Library/Frameworks/ApplicationServices.framework/Versions/A/Frameworks/ATS.framework/Versions/A/Resources/libTrueTypeScaler.dylib
0x000000010c43d000 	/usr/lib/libobjc-trampolines.dylib
0x000000012bcf9000 	/Library/Java/JavaVirtualMachines/adoptopenjdk-11.0.2.jdk/Contents/Home/lib/libsunec.dylib
0x00007fff4b1d6000 	/System/Library/Extensions/AppleIntelHD5000GraphicsMTLDriver.bundle/Contents/MacOS/AppleIntelHD5000GraphicsMTLDriver
0x00007fff6cf26000 	/System/Library/PrivateFrameworks/GPUCompiler.framework/Versions/3902/Libraries/libmetal_timestamp.dylib


VM Arguments:
jvm_args: -Dmaven.multiModuleProjectDirectory=/Users/caden/dev/java/school/OneClass -Dmaven.home=/Users/caden/Library/Application Support/JetBrains/Toolbox/apps/IDEA-U/ch-0/183.5429.30/IntelliJ IDEA.app/Contents/plugins/maven/lib/maven3 -Dclassworlds.conf=/Users/caden/Library/Application Support/JetBrains/Toolbox/apps/IDEA-U/ch-0/183.5429.30/IntelliJ IDEA.app/Contents/plugins/maven/lib/maven3/bin/m2.conf -javaagent:/Users/caden/Library/Application Support/JetBrains/Toolbox/apps/IDEA-U/ch-0/183.5429.30/IntelliJ IDEA.app/Contents/lib/idea_rt.jar=61006:/Users/caden/Library/Application Support/JetBrains/Toolbox/apps/IDEA-U/ch-0/183.5429.30/IntelliJ IDEA.app/Contents/bin -Dfile.encoding=UTF-8 
java_command: org.codehaus.classworlds.Launcher -Didea.version=2018.3.4 package exec:java
java_class_path (initial): /Users/caden/Library/Application Support/JetBrains/Toolbox/apps/IDEA-U/ch-0/183.5429.30/IntelliJ IDEA.app/Contents/plugins/maven/lib/maven3/boot/plexus-classworlds-2.5.2.jar
Launcher Type: SUN_STANDARD

[Global flags]
     intx CICompilerCount                          = 3                                         {product} {ergonomic}
     uint ConcGCThreads                            = 1                                         {product} {ergonomic}
     uint G1ConcRefinementThreads                  = 4                                         {product} {ergonomic}
   size_t G1HeapRegionSize                         = 1048576                                   {product} {ergonomic}
    uintx GCDrainStackTargetSize                   = 64                                        {product} {ergonomic}
   size_t InitialHeapSize                          = 134217728                                 {product} {ergonomic}
   size_t MarkStackSize                            = 4194304                                   {product} {ergonomic}
   size_t MaxHeapSize                              = 2147483648                                {product} {ergonomic}
   size_t MaxNewSize                               = 1287651328                                {product} {ergonomic}
   size_t MinHeapDeltaBytes                        = 1048576                                   {product} {ergonomic}
    uintx NonNMethodCodeHeapSize                   = 5830092                                {pd product} {ergonomic}
    uintx NonProfiledCodeHeapSize                  = 122914074                              {pd product} {ergonomic}
    uintx ProfiledCodeHeapSize                     = 122914074                              {pd product} {ergonomic}
    uintx ReservedCodeCacheSize                    = 251658240                              {pd product} {ergonomic}
     bool SegmentedCodeCache                       = true                                      {product} {ergonomic}
     bool UseCompressedClassPointers               = true                                 {lp64_product} {ergonomic}
     bool UseCompressedOops                        = true                                 {lp64_product} {ergonomic}
     bool UseG1GC                                  = true                                      {product} {ergonomic}

Logging:
Log output configuration:
 #0: stdout all=warning uptime,level,tags
 #1: stderr all=off uptime,level,tags

Environment Variables:
JAVA_HOME=/Library/Java/JavaVirtualMachines/jdk1.8.0_181.jdk/Contents/Home
PATH=/usr/local/opt/ncurses/bin:/usr/local/opt/ncurses/bin:/usr/local/opt/sqlite/bin:/usr/local/opt/sqlite/bin:/usr/local/opt/sphinx-doc/bin:/usr/local/opt/sphinx-doc/bin:/usr/local/opt/icu4c/sbin:/usr/local/opt/icu4c/bin:/usr/local/opt/openssl/bin:/usr/local/opt/tcl-tk/bin:/usr/local/opt/sqlite/bin:/usr/local/bin:/usr/bin:/bin:/usr/sbin:/sbin:/usr/local/MacGPG2/bin:/usr/local/share/dotnet:~/.dotnet/tools
SHELL=/bin/zsh

Signal Handlers:
SIGSEGV: [libjvm.dylib+0x772d52], sa_mask[0]=11111111011111110111111111111111, sa_flags=SA_ONSTACK|SA_RESTART|SA_SIGINFO
SIGBUS: [libjvm.dylib+0x772d52], sa_mask[0]=11111111011111110111111111111111, sa_flags=SA_RESTART|SA_SIGINFO
SIGFPE: [libjvm.dylib+0x772d52], sa_mask[0]=11111111011111110111111111111111, sa_flags=SA_RESTART|SA_SIGINFO
SIGPIPE: [libjvm.dylib+0x60fd90], sa_mask[0]=11111111011111110111111111111111, sa_flags=SA_RESTART|SA_SIGINFO
SIGXFSZ: [libjvm.dylib+0x60fd90], sa_mask[0]=11111111011111110111111111111111, sa_flags=SA_RESTART|SA_SIGINFO
SIGILL: [libjvm.dylib+0x772d52], sa_mask[0]=11111111011111110111111111111111, sa_flags=SA_RESTART|SA_SIGINFO
SIGUSR2: [libjvm.dylib+0x610380], sa_mask[0]=00100000000000000000000000000000, sa_flags=SA_RESTART|SA_SIGINFO
SIGHUP: [libjvm.dylib+0x60ede5], sa_mask[0]=11111111011111110111111111111111, sa_flags=SA_RESTART|SA_SIGINFO
SIGINT: [libjvm.dylib+0x60ede5], sa_mask[0]=11111111011111110111111111111111, sa_flags=SA_RESTART|SA_SIGINFO
SIGTERM: [libjvm.dylib+0x60ede5], sa_mask[0]=11111111011111110111111111111111, sa_flags=SA_RESTART|SA_SIGINFO
SIGQUIT: [libjvm.dylib+0x60ede5], sa_mask[0]=11111111011111110111111111111111, sa_flags=SA_RESTART|SA_SIGINFO


---------------  S Y S T E M  ---------------

OS:uname:Darwin 18.2.0 Darwin Kernel Version 18.2.0: Thu Dec 20 20:46:53 PST 2018; root:xnu-4903.241.1~1/RELEASE_X86_64 x86_64
rlimit: STACK 8192k, CORE 0k, NPROC 709, NOFILE 10240, AS infinity, DATA infinity, FSIZE infinity
load average:3.47 3.14 2.95

CPU:total 4 (initial active 4) (2 cores per cpu, 2 threads per core) family 6 model 69 stepping 1, cmov, cx8, fxsr, mmx, sse, sse2, sse3, ssse3, sse4.1, sse4.2, popcnt, avx, avx2, aes, clmul, erms, lzcnt, ht, tsc, tscinvbit, bmi1, bmi2, fma

Memory: 4k page, physical 8388608k(50248k free)

vm_info: OpenJDK 64-Bit Server VM (11.0.2+9) for bsd-amd64 JRE (11.0.2+9), built on Jan 28 2019 07:32:48 by "jenkins" with gcc 4.2.1 Compatible Apple LLVM 7.0.2 (clang-700.1.81)

END.
